#
# A fatal error has been detected by the Java Runtime Environment:
#
#  SIGSEGV (0xb) at pc=0x000000010471ef80, pid=1233, tid=0x0000000000005a03
#
# JRE version: Java(TM) SE Runtime Environment (8.0_121-b13) (build 1.8.0_121-b13)
# Java VM: Java HotSpot(TM) 64-Bit Server VM (25.121-b13 mixed mode bsd-amd64 compressed oops)
# Problematic frame:
# V  [libjvm.dylib+0x31ef80]
#
# Failed to write core dump. Core dumps have been disabled. To enable core dumping, try "ulimit -c unlimited" before starting Java again
#
# If you would like to submit a bug report, please visit:
#   http://bugreport.java.com/bugreport/crash.jsp
#

---------------  T H R E A D  ---------------

Current thread (0x00007f97fe914000):  JavaThread "qimessaging-thread" [_thread_in_vm, id=23043, stack(0x000070000a873000,0x000070000a8f3000)]

siginfo: si_signo: 11 (SIGSEGV), si_code: 1 (SEGV_MAPERR), si_addr: 0x0000000000000000

Registers:
RAX=0x0000000104cf1c60, RBX=0x0000000000000000, RCX=0x0000000104c22370, RDX=0x0000000000000000
RSP=0x000070000a8f1050, RBP=0x000070000a8f10d0, RSI=0x0000000000000000, RDI=0x00007f97fe9141f8
R8 =0x0000000105cefbe0, R9 =0x000070000a8f0de8, R10=0x0000000104d01040, R11=0x00007f97fe144340
R12=0x00007f97fe914000, R13=0x00007f97fe9141f8, R14=0x0000000000000000, R15=0x00007f97fe9141f8
RIP=0x000000010471ef80, EFLAGS=0x0000000000010246, ERR=0x0000000000000004
  TRAPNO=0x000000000000000e

Top of Stack: (sp=0x000070000a8f1050)
0x000070000a8f1050:   00007f97fe914000 0000000000000000
0x000070000a8f1060:   000070000a8f10d0 0000000104714a92
0x000070000a8f1070:   00007f97fe914000 00007f97fe914000
0x000070000a8f1080:   0000000000000000 00007f97fe914000
0x000070000a8f1090:   00007f97fe9141f8 00007f97fe914000
0x000070000a8f10a0:   0000003000000018 00000001047149dd
0x000070000a8f10b0:   0000000000000000 00007f97fe9141f8
0x000070000a8f10c0:   0000000000000000 00007f97fe302080
0x000070000a8f10d0:   000070000a8f1f10 000000012277e973
0x000070000a8f10e0:   00007f97fd897318 00007f97fe9141f8
0x000070000a8f10f0:   000070000a8f1f38 00007f97fe4178f0
0x000070000a8f1100:   00007f97fd78ce30 000070000a8f1f20
0x000070000a8f1110:   00007f97fe302078 0000000000000001
0x000070000a8f1120:   00007f97fe003202 00007f97fe100000
0x000070000a8f1130:   0000000000000000 00000000f10e5114
0x000070000a8f1140:   000070000a8f1180 00007fff5aa41384
0x000070000a8f1150:   0000000000000005 0000000103289080
0x000070000a8f1160:   0000000000000002 000000010328ba00
0x000070000a8f1170:   ff80000000001000 00007f97fe1effff
0x000070000a8f1180:   000070000a8f1250 00007fff5aa40403
0x000070000a8f1190:   00007f97fe1eb500 00007f97fe1eb848
0x000070000a8f11a0:   ff80000000001001 00007f97fe1eb7e8
0x000070000a8f11b0:   0000000000000001 00007f97fe1ecac0
0x000070000a8f11c0:   00007f97fe1ecaa0 0000000121ee9060
0x000070000a8f11d0:   00007f97fe1eca20 00007f97fe1eca00
0x000070000a8f11e0:   0000000103288000 00007f97fe1fc080
0x000070000a8f11f0:   0000000000000000 0000000000000048
0x000070000a8f1200:   00007f97fe1ec5c8 00007f97fe1ec5b0
0x000070000a8f1210:   00007fff93ed9000 0000000000000048
0x000070000a8f1220:   000070000a8f1250 00007fff5aa40201
0x000070000a8f1230:   0000000000000048 0000000000000048
0x000070000a8f1240:   00007f97fd596f80 00007f97fd596f60 

Instructions: (pc=0x000000010471ef80)
0x000000010471ef60:   00 49 83 7c 24 08 00 74 09 48 8d 7d 80 e8 5c 9a
0x000000010471ef70:   19 00 4c 89 ff 4c 89 f6 48 89 da 90 0f 1f 40 00
0x000000010471ef80:   4d 8b 36 4c 89 f7 e8 79 39 fa ff 48 85 c0 75 05
0x000000010471ef90:   45 31 ff eb 4f 4c 89 f7 e8 3d 5d fd ff 41 89 c7 

Register to memory mapping:

RAX=0x0000000104cf1c60: _ZN20SafepointSynchronize6_stateE+0 in /Library/Java/JavaVirtualMachines/jdk1.8.0_121.jdk/Contents/Home/jre/lib/server/libjvm.dylib at 0x0000000104400000
RBX=0x0000000000000000 is an unknown value
RCX=0x0000000104c22370: UseMembar+0 in /Library/Java/JavaVirtualMachines/jdk1.8.0_121.jdk/Contents/Home/jre/lib/server/libjvm.dylib at 0x0000000104400000
RDX=0x0000000000000000 is an unknown value
RSP=0x000070000a8f1050 is pointing into the stack for thread: 0x00007f97fe914000
RBP=0x000070000a8f10d0 is pointing into the stack for thread: 0x00007f97fe914000
RSI=0x0000000000000000 is an unknown value
RDI=0x00007f97fe9141f8 is an unknown value
R8 =0x0000000105cefbe0 is at code_begin+0 in an Interpreter codelet
method entry point (kind = accessor)  [0x0000000105cefbe0, 0x0000000105cf0060]  1152 bytes
R9 =0x000070000a8f0de8 is pointing into the stack for thread: 0x00007f97fe914000
R10=0x0000000104d01040: _ZN19TemplateInterpreter13_active_tableE+0x4000 in /Library/Java/JavaVirtualMachines/jdk1.8.0_121.jdk/Contents/Home/jre/lib/server/libjvm.dylib at 0x0000000104400000
R11=0x00007f97fe144340 is an unknown value
R12=0x00007f97fe914000 is a thread
R13=0x00007f97fe9141f8 is an unknown value
R14=0x0000000000000000 is an unknown value
R15=0x00007f97fe9141f8 is an unknown value


Stack: [0x000070000a873000,0x000070000a8f3000],  sp=0x000070000a8f1050,  free space=504k
Native frames: (J=compiled Java code, j=interpreted, Vv=VM code, C=native code)
V  [libjvm.dylib+0x31ef80]
C  [libqimessagingjni.dylib+0x12973]  _Z12call_to_javaNSt3__112basic_stringIcNS_11char_traitsIcEENS_9allocatorIcEEEEPvRKN2qi25GenericFunctionParametersE+0xd23
C  [libqimessagingjni.dylib+0x13164]  _Z22event_callback_to_javaPvRKNSt3__16vectorIN2qi12AnyReferenceENS0_9allocatorIS3_EEEE+0xe4
C  [libqi.dylib+0xb2a71]  _ZN2qi11AnyFunction4callERKNSt3__16vectorINS_12AnyReferenceENS1_9allocatorIS3_EEEE+0x361
C  [libqi.dylib+0x1071ea]  _ZN2qi11FunctorCallclEv+0x1ba
C  [libqi.dylib+0x50600]  _ZN2qi13EventLoopAsio12invoke_maybeEN5boost8functionIFvvEEEjNS_7PromiseIvEERKNS1_6system10error_codeE+0x70
C  [libqi.dylib+0x56494]  _ZNK5boost4_mfi3mf4IvN2qi13EventLoopAsioENS_8functionIFvvEEEjNS2_7PromiseIvEERKNS_6system10error_codeEEclEPS3_S6_jS8_SC_+0x104
C  [libqi.dylib+0x5a63b]  _ZN5boost3_bi5list5INS0_5valueIPN2qi13EventLoopAsioEEENS2_INS_8functionIFvvEEEEENS2_IjEENS2_INS3_7PromiseIvEEEENS2_INS_6system10error_codeEEEEclINS_4_mfi3mf4IvS4_S9_jSD_RKSG_EENS0_5list0EEEvNS0_4typeIvEERT_RT0_i+0xfb
C  [libqi.dylib+0x5a52a]  _ZN5boost4asio19asio_handler_invokeINS_3_bi6bind_tIvNS_4_mfi3mf4IvN2qi13EventLoopAsioENS_8functionIFvvEEEjNS6_7PromiseIvEERKNS_6system10error_codeEEENS2_5list5INS2_5valueIPS7_EENSJ_ISA_EENSJ_IjEENSJ_ISC_EENSJ_ISE_EEEEEEEEvRT_z+0x6a
C  [libqi.dylib+0x5a326]  _ZN5boost4asio6detail18completion_handlerINS_3_bi6bind_tIvNS_4_mfi3mf4IvN2qi13EventLoopAsioENS_8functionIFvvEEEjNS7_7PromiseIvEERKNS_6system10error_codeEEENS3_5list5INS3_5valueIPS8_EENSK_ISB_EENSK_IjEENSK_ISD_EENSK_ISF_EEEEEEE11do_completeEPNS1_15task_io_serviceEPNS1_25task_io_service_operationESH_m+0x166
C  [libqi.dylib+0x1a1ce]  _ZN5boost4asio6detail15task_io_service10do_run_oneERNS1_11scoped_lockINS1_11posix_mutexEEERNS1_27task_io_service_thread_infoERKNS_6system10error_codeE+0x31e
C  [libqi.dylib+0x19ca8]  _ZN5boost4asio6detail15task_io_service3runERNS_6system10error_codeE+0x238
C  [libqi.dylib+0x4e7d1]  _ZN2qi13EventLoopAsio8_runPoolEv+0x91
C  [libqi.dylib+0x5ce61]  _ZNSt3__114__thread_proxyINS_5tupleIJMN2qi13EventLoopAsioEFvvEPS3_EEEEEPvS8_+0x71
C  [libsystem_pthread.dylib+0x36c1]  _pthread_body+0x154
C  [libsystem_pthread.dylib+0x356d]  _pthread_body+0x0
C  [libsystem_pthread.dylib+0x2c5d]  thread_start+0xd
C  0x0000000000000000


---------------  P R O C E S S  ---------------

Java Threads: ( => current thread )
=>0x00007f97fe914000 JavaThread "qimessaging-thread" [_thread_in_vm, id=23043, stack(0x000070000a873000,0x000070000a8f3000)]
  0x00007f97fe91c000 JavaThread "OkHttp ConnectionPool" daemon [_thread_blocked, id=4359, stack(0x000070000b094000,0x000070000b194000)]
  0x00007f97fd898800 JavaThread "qimessaging-thread" [_thread_in_native, id=23555, stack(0x000070000a979000,0x000070000a9f9000)]
  0x00007f98008b8000 JavaThread "MQTT Ping: Pepper" [_thread_blocked, id=26883, stack(0x000070000af91000,0x000070000b091000)]
  0x00007f9801092000 JavaThread "MQTT Call: Pepper" [_thread_blocked, id=26371, stack(0x000070000ae8e000,0x000070000af8e000)]
  0x00007f97fd898000 JavaThread "MQTT Snd: Pepper" [_thread_blocked, id=25859, stack(0x000070000ad8b000,0x000070000ae8b000)]
  0x00007f9801088000 JavaThread "MQTT Rec: Pepper" [_thread_in_native, id=25347, stack(0x000070000ac88000,0x000070000ad88000)]
  0x00007f9801087000 JavaThread "MQTT Con: Pepper" [_thread_blocked, id=24835, stack(0x000070000ab85000,0x000070000ac85000)]
  0x00007f9800812800 JavaThread "Service Thread" daemon [_thread_blocked, id=20995, stack(0x000070000a461000,0x000070000a561000)]
  0x00007f97fe82c000 JavaThread "C1 CompilerThread3" daemon [_thread_blocked, id=20483, stack(0x000070000a35e000,0x000070000a45e000)]
  0x00007f97fe830800 JavaThread "C2 CompilerThread2" daemon [_thread_blocked, id=19971, stack(0x000070000a25b000,0x000070000a35b000)]
  0x00007f97fd83b800 JavaThread "C2 CompilerThread1" daemon [_thread_blocked, id=19459, stack(0x000070000a158000,0x000070000a258000)]
  0x00007f97fd851800 JavaThread "C2 CompilerThread0" daemon [_thread_blocked, id=18947, stack(0x000070000a055000,0x000070000a155000)]
  0x00007f97fd80c800 JavaThread "Signal Dispatcher" daemon [_thread_blocked, id=18443, stack(0x0000700009f52000,0x000070000a052000)]
  0x00007f97fe810800 JavaThread "Finalizer" daemon [_thread_blocked, id=15107, stack(0x0000700009e4f000,0x0000700009f4f000)]
  0x00007f97fe80f800 JavaThread "Reference Handler" daemon [_thread_blocked, id=14595, stack(0x0000700009d4c000,0x0000700009e4c000)]
  0x00007f9800802800 JavaThread "main" [_thread_in_native, id=6915, stack(0x000070000932e000,0x000070000942e000)]

Other Threads:
  0x00007f97fd837000 VMThread [stack: 0x0000700009c49000,0x0000700009d49000] [id=14083]
  0x00007f980083d000 WatcherThread [stack: 0x000070000a564000,0x000070000a664000] [id=21507]

VM state:not at safepoint (normal execution)

VM Mutex/Monitor currently owned by a thread: None

Heap:
 PSYoungGen      total 76288K, used 36704K [0x000000076ab00000, 0x0000000770000000, 0x00000007c0000000)
  eden space 65536K, 56% used [0x000000076ab00000,0x000000076ced83a8,0x000000076eb00000)
  from space 10752K, 0% used [0x000000076f580000,0x000000076f580000,0x0000000770000000)
  to   space 10752K, 0% used [0x000000076eb00000,0x000000076eb00000,0x000000076f580000)
 ParOldGen       total 175104K, used 0K [0x00000006c0000000, 0x00000006cab00000, 0x000000076ab00000)
  object space 175104K, 0% used [0x00000006c0000000,0x00000006c0000000,0x00000006cab00000)
 Metaspace       used 10559K, capacity 10816K, committed 11008K, reserved 1058816K
  class space    used 1143K, capacity 1256K, committed 1280K, reserved 1048576K

Card table byte_map: [0x0000000114cdc000,0x00000001154dd000] byte_map_base: 0x00000001116dc000

Marking Bits: (ParMarkBitMap*) 0x0000000104cf0d30
 Begin Bits: [0x0000000115a33000, 0x0000000119a33000)
 End Bits:   [0x0000000119a33000, 0x000000011da33000)

Polling page: 0x00000001032f0000

CodeCache: size=245760Kb used=3519Kb max_used=3531Kb free=242240Kb
 bounds [0x0000000105cdc000, 0x000000010605c000, 0x0000000114cdc000]
 total_blobs=1388 nmethods=1015 adapters=287
 compilation: enabled

Compilation events (10 events):
Event: 319.456 Thread 0x00007f97fe82c000 1007       3       sun.misc.URLClassPath$JarLoader::findResource (18 bytes)
Event: 319.456 Thread 0x00007f97fe82c000 nmethod 1007 0x000000010604b8d0 code [0x000000010604ba60, 0x000000010604bcf8]
Event: 319.456 Thread 0x00007f97fe82c000 1011       3       java.util.zip.CRC32::update (16 bytes)
Event: 319.456 Thread 0x00007f97fe82c000 nmethod 1011 0x000000010604bdd0 code [0x000000010604bf40, 0x000000010604c0d0]
Event: 319.457 Thread 0x00007f97fe830800 1012       4       java.lang.String::startsWith (72 bytes)
Event: 319.457 Thread 0x00007f97fd83b800 nmethod 1008 0x000000010604f050 code [0x000000010604f1c0, 0x000000010604f478]
Event: 319.457 Thread 0x00007f97fe82c000 1013       3       java.util.ArrayList$Itr::checkForComodification (23 bytes)
Event: 319.457 Thread 0x00007f97fe82c000 nmethod 1013 0x000000010604ebd0 code [0x000000010604ed40, 0x000000010604ef68]
Event: 319.458 Thread 0x00007f97fe82c000 1014       3       java.util.Formatter$Flags::contains (22 bytes)
Event: 319.458 Thread 0x00007f97fe82c000 nmethod 1014 0x000000010604e410 code [0x000000010604e580, 0x000000010604e790]

GC Heap History (0 events):
No events

Deoptimization events (7 events):
Event: 54.773 Thread 0x00007f97fd898800 Uncommon trap: reason=unstable_if action=reinterpret pc=0x0000000105e317b4 method=java.lang.String.startsWith(Ljava/lang/String;I)Z @ 25
Event: 54.833 Thread 0x00007f97fd898800 Uncommon trap: reason=unstable_if action=reinterpret pc=0x0000000105e98cec method=java.io.ByteArrayInputStream.read()I @ 8
Event: 54.862 Thread 0x00007f97fd898800 Uncommon trap: reason=unstable_if action=reinterpret pc=0x0000000105ec3868 method=java.lang.CharacterDataLatin1.digit(II)I @ 82
Event: 54.967 Thread 0x00007f97fd898800 Uncommon trap: reason=class_check action=maybe_recompile pc=0x0000000105f45500 method=java.util.regex.Pattern$Curly.match(Ljava/util/regex/Matcher;ILjava/lang/CharSequence;)Z @ 19
Event: 54.967 Thread 0x00007f97fd898800 Uncommon trap: reason=class_check action=maybe_recompile pc=0x0000000105f45500 method=java.util.regex.Pattern$Curly.match(Ljava/util/regex/Matcher;ILjava/lang/CharSequence;)Z @ 19
Event: 54.967 Thread 0x00007f97fd898800 Uncommon trap: reason=class_check action=maybe_recompile pc=0x0000000105f45500 method=java.util.regex.Pattern$Curly.match(Ljava/util/regex/Matcher;ILjava/lang/CharSequence;)Z @ 19
Event: 54.967 Thread 0x00007f97fd898800 Uncommon trap: reason=class_check action=maybe_recompile pc=0x0000000105f45500 method=java.util.regex.Pattern$Curly.match(Ljava/util/regex/Matcher;ILjava/lang/CharSequence;)Z @ 19

Internal exceptions (10 events):
Event: 0.029 Thread 0x00007f9800802800 Exception <a 'java/lang/NoSuchMethodError': Method sun.misc.Unsafe.defineClass(Ljava/lang/String;[BII)Ljava/lang/Class; name or signature does not match> (0x000000076ab07ca8) thrown at [/Users/java_re/workspace/8-2-build-macosx-x86_64/jdk8u121/8372/hotspo
Event: 0.029 Thread 0x00007f9800802800 Exception <a 'java/lang/NoSuchMethodError': Method sun.misc.Unsafe.prefetchRead(Ljava/lang/Object;J)V name or signature does not match> (0x000000076ab07f90) thrown at [/Users/java_re/workspace/8-2-build-macosx-x86_64/jdk8u121/8372/hotspot/src/share/vm/pri
Event: 0.095 Thread 0x00007f9800802800 Exception <a 'java/security/PrivilegedActionException'> (0x000000076abc88d8) thrown at [/Users/java_re/workspace/8-2-build-macosx-x86_64/jdk8u121/8372/hotspot/src/share/vm/prims/jvm.cpp, line 1390]
Event: 0.095 Thread 0x00007f9800802800 Exception <a 'java/security/PrivilegedActionException'> (0x000000076abc8cd0) thrown at [/Users/java_re/workspace/8-2-build-macosx-x86_64/jdk8u121/8372/hotspot/src/share/vm/prims/jvm.cpp, line 1390]
Event: 0.095 Thread 0x00007f9800802800 Exception <a 'java/security/PrivilegedActionException'> (0x000000076abcc3d0) thrown at [/Users/java_re/workspace/8-2-build-macosx-x86_64/jdk8u121/8372/hotspot/src/share/vm/prims/jvm.cpp, line 1390]
Event: 0.095 Thread 0x00007f9800802800 Exception <a 'java/security/PrivilegedActionException'> (0x000000076abcc7c8) thrown at [/Users/java_re/workspace/8-2-build-macosx-x86_64/jdk8u121/8372/hotspot/src/share/vm/prims/jvm.cpp, line 1390]
Event: 54.896 Thread 0x00007f97fd898800 Exception <a 'java/lang/NoSuchFieldError': method resolution failed> (0x000000076c1044b8) thrown at [/Users/java_re/workspace/8-2-build-macosx-x86_64/jdk8u121/8372/hotspot/src/share/vm/prims/methodHandles.cpp, line 1146]
Event: 54.897 Thread 0x00007f97fd898800 Exception <a 'java/lang/NoSuchFieldError': method resolution failed> (0x000000076c111ba8) thrown at [/Users/java_re/workspace/8-2-build-macosx-x86_64/jdk8u121/8372/hotspot/src/share/vm/prims/methodHandles.cpp, line 1146]
Event: 223.545 Thread 0x00007f98009bc000 Exception <a 'java/lang/ArrayIndexOutOfBoundsException': 2> (0x000000076c8900c0) thrown at [/Users/java_re/workspace/8-2-build-macosx-x86_64/jdk8u121/8372/hotspot/src/share/vm/interpreter/interpreterRuntime.cpp, line 366]
Event: 223.545 Thread 0x00007f97ff801000 Exception <a 'java/lang/ArrayIndexOutOfBoundsException': 2> (0x000000076c77c330) thrown at [/Users/java_re/workspace/8-2-build-macosx-x86_64/jdk8u121/8372/hotspot/src/share/vm/interpreter/interpreterRuntime.cpp, line 366]

Events (10 events):
Event: 319.456 loading class sun/util/locale/provider/CalendarDataUtility$CalendarWeekParameterGetter
Event: 319.456 loading class sun/util/locale/provider/CalendarDataUtility$CalendarWeekParameterGetter done
Event: 319.457 loading class sun/util/resources/CalendarData
Event: 319.457 loading class sun/util/resources/CalendarData done
Event: 319.457 loading class sun/util/resources/de/CalendarData_de
Event: 319.457 loading class sun/util/resources/de/CalendarData_de done
Event: 319.457 loading class java/text/DateFormatSymbols
Event: 319.457 loading class java/text/DateFormatSymbols done
Event: 319.458 loading class sun/util/locale/provider/DateFormatSymbolsProviderImpl
Event: 319.458 loading class sun/util/locale/provider/DateFormatSymbolsProviderImpl done


Dynamic libraries:
0x000000000bc0c000 	/System/Library/Frameworks/Cocoa.framework/Versions/A/Cocoa
0x000000000bc0c000 	/System/Library/Frameworks/Security.framework/Versions/A/Security
0x000000000bc0c000 	/System/Library/Frameworks/ApplicationServices.framework/Versions/A/ApplicationServices
0x000000000bc0c000 	/usr/lib/libz.1.dylib
0x000000000bc0c000 	/usr/lib/libSystem.B.dylib
0x000000000bc0c000 	/usr/lib/libobjc.A.dylib
0x000000000bc0c000 	/System/Library/Frameworks/CoreFoundation.framework/Versions/A/CoreFoundation
0x000000000bc0c000 	/System/Library/Frameworks/Foundation.framework/Versions/C/Foundation
0x000000000bc0c000 	/System/Library/Frameworks/AppKit.framework/Versions/C/AppKit
0x000000000bc0c000 	/System/Library/Frameworks/CoreData.framework/Versions/A/CoreData
0x000000000bc0c000 	/System/Library/PrivateFrameworks/RemoteViewServices.framework/Versions/A/RemoteViewServices
0x000000000bc0c000 	/System/Library/PrivateFrameworks/UIFoundation.framework/Versions/A/UIFoundation
0x000000000bc0c000 	/System/Library/PrivateFrameworks/DFRFoundation.framework/Versions/A/DFRFoundation
0x000000000bc0c000 	/System/Library/Frameworks/Metal.framework/Versions/A/Metal
0x000000000bc0c000 	/System/Library/PrivateFrameworks/DesktopServicesPriv.framework/Versions/A/DesktopServicesPriv
0x000000000bc0c000 	/usr/lib/libenergytrace.dylib
0x000000000bc0c000 	/System/Library/PrivateFrameworks/SkyLight.framework/Versions/A/SkyLight
0x000000000bc0c000 	/System/Library/Frameworks/CoreGraphics.framework/Versions/A/CoreGraphics
0x000000000bc0c000 	/usr/lib/libScreenReader.dylib
0x000000000bc0c000 	/System/Library/Frameworks/Accelerate.framework/Versions/A/Accelerate
0x000000000bc0c000 	/System/Library/Frameworks/IOSurface.framework/Versions/A/IOSurface
0x000000000bc0c000 	/System/Library/Frameworks/AudioToolbox.framework/Versions/A/AudioToolbox
0x000000000bc0c000 	/System/Library/Frameworks/AudioUnit.framework/Versions/A/AudioUnit
0x000000000bc0c000 	/System/Library/PrivateFrameworks/DataDetectorsCore.framework/Versions/A/DataDetectorsCore
0x000000000bc0c000 	/System/Library/Frameworks/Carbon.framework/Versions/A/Frameworks/HIToolbox.framework/Versions/A/HIToolbox
0x000000000bc0c000 	/usr/lib/libicucore.A.dylib
0x000000000bc0c000 	/System/Library/Frameworks/QuartzCore.framework/Versions/A/QuartzCore
0x000000000bc0c000 	/System/Library/Frameworks/Carbon.framework/Versions/A/Frameworks/SpeechRecognition.framework/Versions/A/SpeechRecognition
0x000000000bc0c000 	/usr/lib/libauto.dylib
0x000000000bc0c000 	/usr/lib/libxml2.2.dylib
0x000000000bc0c000 	/System/Library/PrivateFrameworks/CoreUI.framework/Versions/A/CoreUI
0x000000000bc0c000 	/System/Library/Frameworks/CoreAudio.framework/Versions/A/CoreAudio
0x000000000bc0c000 	/System/Library/Frameworks/DiskArbitration.framework/Versions/A/DiskArbitration
0x000000000bc0c000 	/usr/lib/liblangid.dylib
0x000000000bc0c000 	/System/Library/PrivateFrameworks/MultitouchSupport.framework/Versions/A/MultitouchSupport
0x000000000bc0c000 	/System/Library/Frameworks/IOKit.framework/Versions/A/IOKit
0x000000000bc0c000 	/usr/lib/libDiagnosticMessagesClient.dylib
0x000000000bc0c000 	/System/Library/Frameworks/CoreServices.framework/Versions/A/CoreServices
0x000000000bc0c000 	/System/Library/PrivateFrameworks/PerformanceAnalysis.framework/Versions/A/PerformanceAnalysis
0x000000000bc0c000 	/System/Library/Frameworks/OpenGL.framework/Versions/A/OpenGL
0x000000000bc0c000 	/System/Library/Frameworks/ColorSync.framework/Versions/A/ColorSync
0x000000000bc0c000 	/System/Library/Frameworks/CoreImage.framework/Versions/A/CoreImage
0x000000000bc0c000 	/System/Library/Frameworks/CoreText.framework/Versions/A/CoreText
0x000000000bc0c000 	/System/Library/Frameworks/ImageIO.framework/Versions/A/ImageIO
0x000000000bc0c000 	/System/Library/PrivateFrameworks/Backup.framework/Versions/A/Backup
0x000000000bc0c000 	/usr/lib/libarchive.2.dylib
0x000000000bc0c000 	/System/Library/Frameworks/CFNetwork.framework/Versions/A/CFNetwork
0x000000000bc0c000 	/System/Library/Frameworks/SystemConfiguration.framework/Versions/A/SystemConfiguration
0x000000000bc0c000 	/usr/lib/libCRFSuite.dylib
0x000000000bc0c000 	/usr/lib/libc++.1.dylib
0x000000000bc0c000 	/usr/lib/libc++abi.dylib
0x000000000bc0c000 	/usr/lib/system/libcache.dylib
0x000000000bc0c000 	/usr/lib/system/libcommonCrypto.dylib
0x000000000bc0c000 	/usr/lib/system/libcompiler_rt.dylib
0x000000000bc0c000 	/usr/lib/system/libcopyfile.dylib
0x000000000bc0c000 	/usr/lib/system/libcorecrypto.dylib
0x000000000bc0c000 	/usr/lib/system/libdispatch.dylib
0x000000000bc0c000 	/usr/lib/system/libdyld.dylib
0x000000000bc0c000 	/usr/lib/system/libkeymgr.dylib
0x000000000bc0c000 	/usr/lib/system/liblaunch.dylib
0x000000000bc0c000 	/usr/lib/system/libmacho.dylib
0x000000000bc0c000 	/usr/lib/system/libquarantine.dylib
0x000000000bc0c000 	/usr/lib/system/libremovefile.dylib
0x000000000bc0c000 	/usr/lib/system/libsystem_asl.dylib
0x000000000bc0c000 	/usr/lib/system/libsystem_blocks.dylib
0x000000000bc0c000 	/usr/lib/system/libsystem_c.dylib
0x000000000bc0c000 	/usr/lib/system/libsystem_configuration.dylib
0x000000000bc0c000 	/usr/lib/system/libsystem_coreservices.dylib
0x000000000bc0c000 	/usr/lib/system/libsystem_darwin.dylib
0x000000000bc0c000 	/usr/lib/system/libsystem_dnssd.dylib
0x000000000bc0c000 	/usr/lib/system/libsystem_info.dylib
0x000000000bc0c000 	/usr/lib/system/libsystem_m.dylib
0x000000000bc0c000 	/usr/lib/system/libsystem_malloc.dylib
0x000000000bc0c000 	/usr/lib/system/libsystem_network.dylib
0x000000000bc0c000 	/usr/lib/system/libsystem_networkextension.dylib
0x000000000bc0c000 	/usr/lib/system/libsystem_notify.dylib
0x000000000bc0c000 	/usr/lib/system/libsystem_sandbox.dylib
0x000000000bc0c000 	/usr/lib/system/libsystem_secinit.dylib
0x000000000bc0c000 	/usr/lib/system/libsystem_kernel.dylib
0x000000000bc0c000 	/usr/lib/system/libsystem_platform.dylib
0x000000000bc0c000 	/usr/lib/system/libsystem_pthread.dylib
0x000000000bc0c000 	/usr/lib/system/libsystem_symptoms.dylib
0x000000000bc0c000 	/usr/lib/system/libsystem_trace.dylib
0x000000000bc0c000 	/usr/lib/system/libunwind.dylib
0x000000000bc0c000 	/usr/lib/system/libxpc.dylib
0x000000000bc0c000 	/usr/lib/closure/libclosured.dylib
0x000000000bc0c000 	/usr/lib/libbsm.0.dylib
0x000000000bc0c000 	/usr/lib/system/libkxld.dylib
0x000000000bc0c000 	/usr/lib/libOpenScriptingUtil.dylib
0x000000000bc0c000 	/usr/lib/libcoretls.dylib
0x000000000bc0c000 	/usr/lib/libcoretls_cfhelpers.dylib
0x000000000bc0c000 	/usr/lib/libpam.2.dylib
0x000000000bc0c000 	/usr/lib/libsqlite3.dylib
0x000000000bc0c000 	/usr/lib/libxar.1.dylib
0x000000000bc0c000 	/usr/lib/libbz2.1.0.dylib
0x000000000bc0c000 	/usr/lib/liblzma.5.dylib
0x000000000bc0c000 	/usr/lib/libnetwork.dylib
0x000000000bc0c000 	/usr/lib/libapple_nghttp2.dylib
0x000000000bc0c000 	/usr/lib/libpcap.A.dylib
0x000000000bc0c000 	/usr/lib/libboringssl.dylib
0x000000000bc0c000 	/usr/lib/libusrtcp.dylib
0x000000000bc0c000 	/usr/lib/libapple_crypto.dylib
0x000000000bc0c000 	/System/Library/Frameworks/CoreServices.framework/Versions/A/Frameworks/FSEvents.framework/Versions/A/FSEvents
0x000000000bc0c000 	/System/Library/Frameworks/CoreServices.framework/Versions/A/Frameworks/CarbonCore.framework/Versions/A/CarbonCore
0x000000000bc0c000 	/System/Library/Frameworks/CoreServices.framework/Versions/A/Frameworks/Metadata.framework/Versions/A/Metadata
0x000000000bc0c000 	/System/Library/Frameworks/CoreServices.framework/Versions/A/Frameworks/OSServices.framework/Versions/A/OSServices
0x000000000bc0c000 	/System/Library/Frameworks/CoreServices.framework/Versions/A/Frameworks/SearchKit.framework/Versions/A/SearchKit
0x000000000bc0c000 	/System/Library/Frameworks/CoreServices.framework/Versions/A/Frameworks/AE.framework/Versions/A/AE
0x000000000bc0c000 	/System/Library/Frameworks/CoreServices.framework/Versions/A/Frameworks/LaunchServices.framework/Versions/A/LaunchServices
0x000000000bc0c000 	/System/Library/Frameworks/CoreServices.framework/Versions/A/Frameworks/DictionaryServices.framework/Versions/A/DictionaryServices
0x000000000bc0c000 	/System/Library/Frameworks/CoreServices.framework/Versions/A/Frameworks/SharedFileList.framework/Versions/A/SharedFileList
0x000000000bc0c000 	/System/Library/Frameworks/NetFS.framework/Versions/A/NetFS
0x000000000bc0c000 	/System/Library/PrivateFrameworks/NetAuth.framework/Versions/A/NetAuth
0x000000000bc0c000 	/System/Library/PrivateFrameworks/login.framework/Versions/A/Frameworks/loginsupport.framework/Versions/A/loginsupport
0x000000000bc0c000 	/System/Library/PrivateFrameworks/TCC.framework/Versions/A/TCC
0x000000000bc0c000 	/usr/lib/libmecabra.dylib
0x000000000bc0c000 	/System/Library/Frameworks/ApplicationServices.framework/Versions/A/Frameworks/ATS.framework/Versions/A/ATS
0x000000000bc0c000 	/System/Library/Frameworks/ApplicationServices.framework/Versions/A/Frameworks/ColorSyncLegacy.framework/Versions/A/ColorSyncLegacy
0x000000000bc0c000 	/System/Library/Frameworks/ApplicationServices.framework/Versions/A/Frameworks/HIServices.framework/Versions/A/HIServices
0x000000000bc0c000 	/System/Library/Frameworks/ApplicationServices.framework/Versions/A/Frameworks/LangAnalysis.framework/Versions/A/LangAnalysis
0x000000000bc0c000 	/System/Library/Frameworks/ApplicationServices.framework/Versions/A/Frameworks/PrintCore.framework/Versions/A/PrintCore
0x000000000bc0c000 	/System/Library/Frameworks/ApplicationServices.framework/Versions/A/Frameworks/QD.framework/Versions/A/QD
0x000000000bc0c000 	/System/Library/Frameworks/ApplicationServices.framework/Versions/A/Frameworks/SpeechSynthesis.framework/Versions/A/SpeechSynthesis
0x000000000bc0c000 	/System/Library/Frameworks/CoreDisplay.framework/Versions/A/CoreDisplay
0x000000000bc0c000 	/System/Library/Frameworks/Accelerate.framework/Versions/A/Frameworks/vImage.framework/Versions/A/vImage
0x000000000bc0c000 	/System/Library/Frameworks/Accelerate.framework/Versions/A/Frameworks/vecLib.framework/Versions/A/vecLib
0x000000000bc0c000 	/System/Library/Frameworks/Accelerate.framework/Versions/A/Frameworks/vecLib.framework/Versions/A/libvDSP.dylib
0x000000000bc0c000 	/System/Library/Frameworks/Accelerate.framework/Versions/A/Frameworks/vecLib.framework/Versions/A/libBNNS.dylib
0x000000000bc0c000 	/System/Library/Frameworks/Accelerate.framework/Versions/A/Frameworks/vecLib.framework/Versions/A/libQuadrature.dylib
0x000000000bc0c000 	/System/Library/Frameworks/Accelerate.framework/Versions/A/Frameworks/vecLib.framework/Versions/A/libvMisc.dylib
0x000000000bc0c000 	/System/Library/Frameworks/Accelerate.framework/Versions/A/Frameworks/vecLib.framework/Versions/A/libLAPACK.dylib
0x000000000bc0c000 	/System/Library/Frameworks/Accelerate.framework/Versions/A/Frameworks/vecLib.framework/Versions/A/libBLAS.dylib
0x000000000bc0c000 	/System/Library/Frameworks/Accelerate.framework/Versions/A/Frameworks/vecLib.framework/Versions/A/libLinearAlgebra.dylib
0x000000000bc0c000 	/System/Library/Frameworks/Accelerate.framework/Versions/A/Frameworks/vecLib.framework/Versions/A/libSparse.dylib
0x000000000bc0c000 	/System/Library/Frameworks/Accelerate.framework/Versions/A/Frameworks/vecLib.framework/Versions/A/libSparseBLAS.dylib
0x000000000bc0c000 	/System/Library/PrivateFrameworks/IOAccelerator.framework/Versions/A/IOAccelerator
0x000000000bc0c000 	/System/Library/PrivateFrameworks/IOPresentment.framework/Versions/A/IOPresentment
0x000000000bc0c000 	/System/Library/PrivateFrameworks/DSExternalDisplay.framework/Versions/A/DSExternalDisplay
0x000000000bc0c000 	/System/Library/Frameworks/OpenGL.framework/Versions/A/Libraries/libCoreFSCache.dylib
0x000000000bc0c000 	/System/Library/Frameworks/CoreVideo.framework/Versions/A/CoreVideo
0x000000000bc0c000 	/System/Library/PrivateFrameworks/GraphVisualizer.framework/Versions/A/GraphVisualizer
0x000000000bc0c000 	/System/Library/Frameworks/MetalPerformanceShaders.framework/Versions/A/MetalPerformanceShaders
0x000000000bc0c000 	/usr/lib/libFosl_dynamic.dylib
0x000000000bc0c000 	/System/Library/PrivateFrameworks/FaceCore.framework/Versions/A/FaceCore
0x000000000bc0c000 	/System/Library/Frameworks/OpenCL.framework/Versions/A/OpenCL
0x000000000bc0c000 	/usr/lib/libcompression.dylib
0x000000000bc0c000 	/System/Library/Frameworks/ApplicationServices.framework/Versions/A/Frameworks/ATS.framework/Versions/A/Resources/libFontParser.dylib
0x000000000bc0c000 	/System/Library/Frameworks/ApplicationServices.framework/Versions/A/Frameworks/ATS.framework/Versions/A/Resources/libFontRegistry.dylib
0x000000000bc0c000 	/System/Library/Frameworks/ImageIO.framework/Versions/A/Resources/libJPEG.dylib
0x000000000bc0c000 	/System/Library/Frameworks/ImageIO.framework/Versions/A/Resources/libTIFF.dylib
0x000000000bc0c000 	/System/Library/Frameworks/ImageIO.framework/Versions/A/Resources/libPng.dylib
0x000000000bc0c000 	/System/Library/Frameworks/ImageIO.framework/Versions/A/Resources/libGIF.dylib
0x000000000bc0c000 	/System/Library/Frameworks/ImageIO.framework/Versions/A/Resources/libJP2.dylib
0x000000000bc0c000 	/System/Library/Frameworks/ImageIO.framework/Versions/A/Resources/libRadiance.dylib
0x000000000bc0c000 	/System/Library/PrivateFrameworks/AppleJPEG.framework/Versions/A/AppleJPEG
0x000000000bc0c000 	/System/Library/PrivateFrameworks/MetalTools.framework/Versions/A/MetalTools
0x000000000bc0c000 	/System/Library/Frameworks/MetalPerformanceShaders.framework/Frameworks/MPSCore.framework/Versions/A/MPSCore
0x000000000bc0c000 	/System/Library/Frameworks/MetalPerformanceShaders.framework/Frameworks/MPSImage.framework/Versions/A/MPSImage
0x000000000bc0c000 	/System/Library/Frameworks/MetalPerformanceShaders.framework/Frameworks/MPSMatrix.framework/Versions/A/MPSMatrix
0x000000000bc0c000 	/System/Library/Frameworks/MetalPerformanceShaders.framework/Frameworks/MPSNeuralNetwork.framework/Versions/A/MPSNeuralNetwork
0x000000000bc0c000 	/System/Library/Frameworks/OpenGL.framework/Versions/A/Libraries/libGLU.dylib
0x000000000bc0c000 	/System/Library/Frameworks/OpenGL.framework/Versions/A/Libraries/libGFXShared.dylib
0x000000000bc0c000 	/System/Library/Frameworks/OpenGL.framework/Versions/A/Libraries/libGL.dylib
0x000000000bc0c000 	/System/Library/Frameworks/OpenGL.framework/Versions/A/Libraries/libGLImage.dylib
0x000000000bc0c000 	/System/Library/Frameworks/OpenGL.framework/Versions/A/Libraries/libCVMSPluginSupport.dylib
0x000000000bc0c000 	/System/Library/Frameworks/OpenGL.framework/Versions/A/Libraries/libCoreVMClient.dylib
0x000000000bc0c000 	/usr/lib/libcups.2.dylib
0x000000000bc0c000 	/System/Library/Frameworks/Kerberos.framework/Versions/A/Kerberos
0x000000000bc0c000 	/System/Library/Frameworks/GSS.framework/Versions/A/GSS
0x000000000bc0c000 	/usr/lib/libresolv.9.dylib
0x000000000bc0c000 	/usr/lib/libiconv.2.dylib
0x000000000bc0c000 	/System/Library/PrivateFrameworks/Heimdal.framework/Versions/A/Heimdal
0x000000000bc0c000 	/usr/lib/libheimdal-asn1.dylib
0x000000000bc0c000 	/System/Library/Frameworks/OpenDirectory.framework/Versions/A/OpenDirectory
0x000000000bc0c000 	/System/Library/PrivateFrameworks/CommonAuth.framework/Versions/A/CommonAuth
0x000000000bc0c000 	/System/Library/Frameworks/OpenDirectory.framework/Versions/A/Frameworks/CFOpenDirectory.framework/Versions/A/CFOpenDirectory
0x000000000bc0c000 	/System/Library/Frameworks/SecurityFoundation.framework/Versions/A/SecurityFoundation
0x000000000bc0c000 	/System/Library/PrivateFrameworks/APFS.framework/Versions/A/APFS
0x000000000bc0c000 	/usr/lib/libutil.dylib
0x000000000bc0c000 	/System/Library/PrivateFrameworks/AppleSauce.framework/Versions/A/AppleSauce
0x000000000bc0c000 	/System/Library/PrivateFrameworks/LinguisticData.framework/Versions/A/LinguisticData
0x000000000bc0c000 	/usr/lib/libmarisa.dylib
0x000000000bc0c000 	/System/Library/PrivateFrameworks/Lexicon.framework/Versions/A/Lexicon
0x000000000bc0c000 	/usr/lib/libChineseTokenizer.dylib
0x000000000bc0c000 	/usr/lib/libcmph.dylib
0x000000000bc0c000 	/System/Library/PrivateFrameworks/LanguageModeling.framework/Versions/A/LanguageModeling
0x000000000bc0c000 	/System/Library/PrivateFrameworks/CoreEmoji.framework/Versions/A/CoreEmoji
0x000000000bc0c000 	/System/Library/Frameworks/ServiceManagement.framework/Versions/A/ServiceManagement
0x000000000bc0c000 	/System/Library/PrivateFrameworks/BackgroundTaskManagement.framework/Versions/A/BackgroundTaskManagement
0x000000000bc0c000 	/usr/lib/libxslt.1.dylib
0x000000000bc0c000 	/System/Library/Frameworks/Carbon.framework/Versions/A/Frameworks/Ink.framework/Versions/A/Ink
0x000000000bc0c000 	/System/Library/PrivateFrameworks/TextureIO.framework/Versions/A/TextureIO
0x000000000bc0c000 	/usr/lib/libate.dylib
0x000000000bc0c000 	/System/Library/PrivateFrameworks/CrashReporterSupport.framework/Versions/A/CrashReporterSupport
0x000000000bc0c000 	/System/Library/PrivateFrameworks/Sharing.framework/Versions/A/Sharing
0x000000000bc0c000 	/System/Library/PrivateFrameworks/IconServices.framework/Versions/A/IconServices
0x000000000bc0c000 	/System/Library/PrivateFrameworks/ProtocolBuffer.framework/Versions/A/ProtocolBuffer
0x000000000bc0c000 	/System/Library/PrivateFrameworks/Apple80211.framework/Versions/A/Apple80211
0x000000000bc0c000 	/System/Library/Frameworks/CoreWLAN.framework/Versions/A/CoreWLAN
0x000000000bc0c000 	/System/Library/PrivateFrameworks/CoreUtils.framework/Versions/A/CoreUtils
0x000000000bc0c000 	/System/Library/Frameworks/IOBluetooth.framework/Versions/A/IOBluetooth
0x000000000bc0c000 	/System/Library/PrivateFrameworks/CoreWiFi.framework/Versions/A/CoreWiFi
0x000000000bc0c000 	/System/Library/Frameworks/CoreBluetooth.framework/Versions/A/CoreBluetooth
0x000000000bc0c000 	/System/Library/PrivateFrameworks/SignpostNotification.framework/Versions/A/SignpostNotification
0x000000000bc0c000 	/System/Library/PrivateFrameworks/DebugSymbols.framework/Versions/A/DebugSymbols
0x000000000bc0c000 	/System/Library/PrivateFrameworks/CoreSymbolication.framework/Versions/A/CoreSymbolication
0x000000000bc0c000 	/System/Library/PrivateFrameworks/Symbolication.framework/Versions/A/Symbolication
0x000000000bc0c000 	/System/Library/PrivateFrameworks/AppleFSCompression.framework/Versions/A/AppleFSCompression
0x000000000bc0c000 	/System/Library/PrivateFrameworks/SpeechRecognitionCore.framework/Versions/A/SpeechRecognitionCore
0x0000000104400000 	/Library/Java/JavaVirtualMachines/jdk1.8.0_121.jdk/Contents/Home/jre/lib/server/libjvm.dylib
0x000000000bc0c000 	/usr/lib/libstdc++.6.0.9.dylib
0x00000001032ad000 	/Library/Java/JavaVirtualMachines/jdk1.8.0_121.jdk/Contents/Home/jre/lib/libverify.dylib
0x00000001032bb000 	/Library/Java/JavaVirtualMachines/jdk1.8.0_121.jdk/Contents/Home/jre/lib/libjava.dylib
0x000000010333a000 	/Library/Java/JavaVirtualMachines/jdk1.8.0_121.jdk/Contents/Home/jre/lib/libzip.dylib
0x000000000bc0c000 	/System/Library/Frameworks/JavaVM.framework/Versions/A/Frameworks/JavaRuntimeSupport.framework/Versions/A/JavaRuntimeSupport
0x000000000bc0c000 	/System/Library/Frameworks/JavaVM.framework/Versions/A/Frameworks/JavaNativeFoundation.framework/Versions/A/JavaNativeFoundation
0x000000000bc0c000 	/System/Library/Frameworks/JavaVM.framework/Versions/A/JavaVM
0x000000000bc0c000 	/System/Library/Frameworks/Carbon.framework/Versions/A/Carbon
0x000000000bc0c000 	/System/Library/PrivateFrameworks/JavaLaunching.framework/Versions/A/JavaLaunching
0x000000000bc0c000 	/System/Library/Frameworks/Carbon.framework/Versions/A/Frameworks/CommonPanels.framework/Versions/A/CommonPanels
0x000000000bc0c000 	/System/Library/Frameworks/Carbon.framework/Versions/A/Frameworks/Help.framework/Versions/A/Help
0x000000000bc0c000 	/System/Library/Frameworks/Carbon.framework/Versions/A/Frameworks/ImageCapture.framework/Versions/A/ImageCapture
0x000000000bc0c000 	/System/Library/Frameworks/Carbon.framework/Versions/A/Frameworks/OpenScripting.framework/Versions/A/OpenScripting
0x000000000bc0c000 	/System/Library/Frameworks/Carbon.framework/Versions/A/Frameworks/Print.framework/Versions/A/Print
0x000000000bc0c000 	/System/Library/Frameworks/Carbon.framework/Versions/A/Frameworks/SecurityHI.framework/Versions/A/SecurityHI
0x0000000121e3c000 	/private/var/folders/zp/f6f4vkdd07vd7kczszjphm6r0000gn/T/libqi.dylib
0x000000012276c000 	/private/var/folders/zp/f6f4vkdd07vd7kczszjphm6r0000gn/T/libqimessagingjni.dylib
0x00000001227f7000 	/Library/Java/JavaVirtualMachines/jdk1.8.0_121.jdk/Contents/Home/jre/lib/libnet.dylib
0x00000001228c6000 	/Library/Java/JavaVirtualMachines/jdk1.8.0_121.jdk/Contents/Home/jre/lib/libsunec.dylib
0x0000000122a42000 	/Library/Java/JavaVirtualMachines/jdk1.8.0_121.jdk/Contents/Home/jre/lib/libnio.dylib

VM Arguments:
jvm_args: -Dfile.encoding=UTF-8 
java_command: de.lmoedl.Pepper
java_class_path (initial): /Users/lothar/Documents/Libs/java-naoqi-sdk-2.5.5.5-mac64.jar:/Users/lothar/Documents/Libs/sonoscontroller-1.0-SNAPSHOT.jar:/Users/lothar/Documents/Libs/okhttp-3.9.0.jar:/Users/lothar/Documents/Libs/okio-1.13.0.jar:/Users/lothar/Documents/Libs/ssdp-client-1.0-SNAPSHOT.jar:/Users/lothar/Documents/Libs/org.eclipse.paho.client.mqttv3-1.2.0.jar:/Users/lothar/Documents/Libs/org.json.jar:/Users/lothar/Documents/Studium/Master/WS2017_18/Projekt/MOS-Projekt/Software/Pepper/build/classes
Launcher Type: SUN_STANDARD

Environment Variables:
PATH=/usr/bin:/bin:/usr/sbin:/sbin
LD_LIBRARY_PATH=/Library/Java/JavaVirtualMachines/jdk1.8.0_121.jdk/Contents/Home/jre/lib/amd64:/Library/Java/JavaVirtualMachines/jdk1.8.0_121.jdk/Contents/Home/jre/lib/i386:
SHELL=/bin/bash

Signal Handlers:
SIGSEGV: [libjvm.dylib+0x5b1141], sa_mask[0]=11111111011111110111111111111111, sa_flags=SA_ONSTACK|SA_RESTART|SA_SIGINFO
SIGBUS: [libjvm.dylib+0x5b1141], sa_mask[0]=11111111011111110111111111111111, sa_flags=SA_RESTART|SA_SIGINFO
SIGFPE: [libjvm.dylib+0x487bc4], sa_mask[0]=11111111011111110111111111111111, sa_flags=SA_RESTART|SA_SIGINFO
SIGPIPE: [libjvm.dylib+0x487bc4], sa_mask[0]=11111111011111110111111111111111, sa_flags=SA_RESTART|SA_SIGINFO
SIGXFSZ: [libjvm.dylib+0x487bc4], sa_mask[0]=11111111011111110111111111111111, sa_flags=SA_RESTART|SA_SIGINFO
SIGILL: [libjvm.dylib+0x487bc4], sa_mask[0]=11111111011111110111111111111111, sa_flags=SA_RESTART|SA_SIGINFO
SIGUSR1: SIG_DFL, sa_mask[0]=00000000000000000000000000000000, sa_flags=none
SIGUSR2: [libjvm.dylib+0x4876e2], sa_mask[0]=00100000000000000000000000000000, sa_flags=SA_RESTART|SA_SIGINFO
SIGHUP: [libjvm.dylib+0x485cb9], sa_mask[0]=11111111011111110111111111111111, sa_flags=SA_RESTART|SA_SIGINFO
SIGINT: [libqi.dylib+0x14a80], sa_mask[0]=11111111011111110111111111111111, sa_flags=none
SIGTERM: [libqi.dylib+0x14a80], sa_mask[0]=11111111011111110111111111111111, sa_flags=none
SIGQUIT: [libjvm.dylib+0x485cb9], sa_mask[0]=11111111011111110111111111111111, sa_flags=SA_RESTART|SA_SIGINFO


---------------  S Y S T E M  ---------------

OS:Bsduname:Darwin 17.2.0 Darwin Kernel Version 17.2.0: Fri Sep 29 18:27:05 PDT 2017; root:xnu-4570.20.62~3/RELEASE_X86_64 x86_64
rlimit: STACK 8192k, CORE 0k, NPROC 1418, NOFILE 10240, AS infinity
load average:2.76 2.97 2.87

CPU:total 8 (4 cores per cpu, 2 threads per core) family 6 model 94 stepping 3, cmov, cx8, fxsr, mmx, sse, sse2, sse3, ssse3, sse4.1, sse4.2, popcnt, avx, avx2, aes, clmul, erms, rtm, 3dnowpref, lzcnt, ht, tsc, tscinvbit, bmi1, bmi2, adx

Memory: 4k page, physical 16777216k(805876k free)

/proc/meminfo:


vm_info: Java HotSpot(TM) 64-Bit Server VM (25.121-b13) for bsd-amd64 JRE (1.8.0_121-b13), built on Dec 12 2016 20:39:32 by "java_re" with gcc 4.2.1 (Based on Apple Inc. build 5658) (LLVM build 2336.11.00)

time: Tue Nov 28 12:24:35 2017
elapsed time: 319 seconds (0d 0h 5m 19s)

