#
# A fatal error has been detected by the Java Runtime Environment:
#
#  SIGSEGV (0xb) at pc=0x000000010bd1ef80, pid=2236, tid=0x0000000000005903
#
# JRE version: Java(TM) SE Runtime Environment (8.0_121-b13) (build 1.8.0_121-b13)
# Java VM: Java HotSpot(TM) 64-Bit Server VM (25.121-b13 mixed mode bsd-amd64 compressed oops)
# Problematic frame:
# V  [libjvm.dylib+0x31ef80]  jni_GetStringUTFChars+0x66
#
# Failed to write core dump. Core dumps have been disabled. To enable core dumping, try "ulimit -c unlimited" before starting Java again
#
# If you would like to submit a bug report, please visit:
#   http://bugreport.java.com/bugreport/crash.jsp
#

---------------  T H R E A D  ---------------

Current thread (0x00007fad8903c800):  JavaThread "qimessaging-thread" [_thread_in_vm, id=22787, stack(0x000070000b709000,0x000070000b789000)]

siginfo: si_signo: 11 (SIGSEGV), si_code: 1 (SEGV_MAPERR), si_addr: 0x0000000000000000

Registers:
RAX=0x000000010c2f1c60, RBX=0x0000000000000000, RCX=0x000000010c222370, RDX=0x0000000000000000
RSP=0x000070000b787050, RBP=0x000070000b7870d0, RSI=0x0000000000000000, RDI=0x00007fad8903c9f8
R8 =0x000000010d12ebe0, R9 =0x000070000b786de8, R10=0x000000010c301040, R11=0x00007fad87f00000
R12=0x00007fad8903c800, R13=0x00007fad8903c9f8, R14=0x0000000000000000, R15=0x00007fad8903c9f8
RIP=0x000000010bd1ef80, EFLAGS=0x0000000000010246, ERR=0x0000000000000004
  TRAPNO=0x000000000000000e

Top of Stack: (sp=0x000070000b787050)
0x000070000b787050:   00007fad8903c800 0000000000000000
0x000070000b787060:   000070000b7870d0 000000010bd14a92
0x000070000b787070:   00007fad8903c800 00007fad8903c800
0x000070000b787080:   0000000000000000 00007fad8903c800
0x000070000b787090:   00007fad8903c9f8 00007fad8903c800
0x000070000b7870a0:   0000003000000018 000000010bd149dd
0x000070000b7870b0:   0000000000000000 00007fad8903c9f8
0x000070000b7870c0:   0000000000000000 00007fad87e99f98
0x000070000b7870d0:   000070000b787f10 0000000129d14973
0x000070000b7870e0:   000070000b787170 00007fad8903c9f8
0x000070000b7870f0:   000070000b787f38 00007fad87c39b80
0x000070000b787100:   00007fad87d3f810 000070000b787f20
0x000070000b787110:   00007fad87e99f90 0000000000000001
0x000070000b787120:   00007fad87c550d0 00007fad87c00000
0x000070000b787130:   0000000000000000 00000000718d0d62
0x000070000b787140:   000070000b787180 00007fff53b37384
0x000070000b787150:   0000000000000005 000000010a857080
0x000070000b787160:   0000000000000002 000000010a859a00
0x000070000b787170:   ff80000000001000 00007fad87c5ffff
0x000070000b787180:   000070000b787250 00007fff53b36403
0x000070000b787190:   00007fad87c54630 00007fad87c53ea8
0x000070000b7871a0:   ff80000000001001 00007fad87c53e48
0x000070000b7871b0:   0000000000000001 00007fad87c55720
0x000070000b7871c0:   00007fad87c55700 000000012947f060
0x000070000b7871d0:   00007fad87c55680 00007fad87c55660
0x000070000b7871e0:   000000010a856000 00007fad87cfc080
0x000070000b7871f0:   0000000000000000 0000000000000048
0x000070000b787200:   00007fad87c55228 00007fad87c55210
0x000070000b787210:   00007fff8cfcf000 0000000000000048
0x000070000b787220:   000070000b787250 00007fff53b36201
0x000070000b787230:   0000000000000048 0000000000000048
0x000070000b787240:   00007fad87c54dc8 00007fad87c54de8 

Instructions: (pc=0x000000010bd1ef80)
0x000000010bd1ef60:   00 49 83 7c 24 08 00 74 09 48 8d 7d 80 e8 5c 9a
0x000000010bd1ef70:   19 00 4c 89 ff 4c 89 f6 48 89 da 90 0f 1f 40 00
0x000000010bd1ef80:   4d 8b 36 4c 89 f7 e8 79 39 fa ff 48 85 c0 75 05
0x000000010bd1ef90:   45 31 ff eb 4f 4c 89 f7 e8 3d 5d fd ff 41 89 c7 

Register to memory mapping:

RAX=0x000000010c2f1c60: _ZN20SafepointSynchronize6_stateE+0 in /Library/Java/JavaVirtualMachines/jdk1.8.0_121.jdk/Contents/Home/jre/lib/server/libjvm.dylib at 0x000000010ba00000
RBX=0x0000000000000000 is an unknown value
RCX=0x000000010c222370: UseMembar+0 in /Library/Java/JavaVirtualMachines/jdk1.8.0_121.jdk/Contents/Home/jre/lib/server/libjvm.dylib at 0x000000010ba00000
RDX=0x0000000000000000 is an unknown value
RSP=0x000070000b787050 is pointing into the stack for thread: 0x00007fad8903c800
RBP=0x000070000b7870d0 is pointing into the stack for thread: 0x00007fad8903c800
RSI=0x0000000000000000 is an unknown value
RDI=0x00007fad8903c9f8 is an unknown value
R8 =0x000000010d12ebe0 is at code_begin+0 in an Interpreter codelet
method entry point (kind = accessor)  [0x000000010d12ebe0, 0x000000010d12f060]  1152 bytes
R9 =0x000070000b786de8 is pointing into the stack for thread: 0x00007fad8903c800
R10=0x000000010c301040: _ZN19TemplateInterpreter13_active_tableE+0x4000 in /Library/Java/JavaVirtualMachines/jdk1.8.0_121.jdk/Contents/Home/jre/lib/server/libjvm.dylib at 0x000000010ba00000
R11=0x00007fad87f00000 is an unknown value
R12=0x00007fad8903c800 is a thread
R13=0x00007fad8903c9f8 is an unknown value
R14=0x0000000000000000 is an unknown value
R15=0x00007fad8903c9f8 is an unknown value


Stack: [0x000070000b709000,0x000070000b789000],  sp=0x000070000b787050,  free space=504k
Native frames: (J=compiled Java code, j=interpreted, Vv=VM code, C=native code)
V  [libjvm.dylib+0x31ef80]  jni_GetStringUTFChars+0x66
C  [libqimessagingjni.dylib+0x12973]  call_to_java(std::__1::basic_string<char, std::__1::char_traits<char>, std::__1::allocator<char> >, void*, qi::GenericFunctionParameters const&)+0xd23
C  [libqimessagingjni.dylib+0x13164]  event_callback_to_java(void*, std::__1::vector<qi::AnyReference, std::__1::allocator<qi::AnyReference> > const&)+0xe4
C  [libqi.dylib+0xb2a71]  qi::AnyFunction::call(std::__1::vector<qi::AnyReference, std::__1::allocator<qi::AnyReference> > const&)+0x361
C  [libqi.dylib+0x1071ea]  qi::FunctorCall::operator()()+0x1ba
C  [libqi.dylib+0x50600]  qi::EventLoopAsio::invoke_maybe(boost::function<void ()>, unsigned int, qi::Promise<void>, boost::system::error_code const&)+0x70
C  [libqi.dylib+0x56494]  boost::_mfi::mf4<void, qi::EventLoopAsio, boost::function<void ()>, unsigned int, qi::Promise<void>, boost::system::error_code const&>::operator()(qi::EventLoopAsio*, boost::function<void ()>, unsigned int, qi::Promise<void>, boost::system::error_code const&) const+0x104
C  [libqi.dylib+0x5a63b]  void boost::_bi::list5<boost::_bi::value<qi::EventLoopAsio*>, boost::_bi::value<boost::function<void ()> >, boost::_bi::value<unsigned int>, boost::_bi::value<qi::Promise<void> >, boost::_bi::value<boost::system::error_code> >::operator()<boost::_mfi::mf4<void, qi::EventLoopAsio, boost::function<void ()>, unsigned int, qi::Promise<void>, boost::system::error_code const&>, boost::_bi::list0>(boost::_bi::type<void>, boost::_mfi::mf4<void, qi::EventLoopAsio, boost::function<void ()>, unsigned int, qi::Promise<void>, boost::system::error_code const&>&, boost::_bi::list0&, int)+0xfb
C  [libqi.dylib+0x5a52a]  void boost::asio::asio_handler_invoke<boost::_bi::bind_t<void, boost::_mfi::mf4<void, qi::EventLoopAsio, boost::function<void ()>, unsigned int, qi::Promise<void>, boost::system::error_code const&>, boost::_bi::list5<boost::_bi::value<qi::EventLoopAsio*>, boost::_bi::value<boost::function<void ()> >, boost::_bi::value<unsigned int>, boost::_bi::value<qi::Promise<void> >, boost::_bi::value<boost::system::error_code> > > >(boost::_bi::bind_t<void, boost::_mfi::mf4<void, qi::EventLoopAsio, boost::function<void ()>, unsigned int, qi::Promise<void>, boost::system::error_code const&>, boost::_bi::list5<boost::_bi::value<qi::EventLoopAsio*>, boost::_bi::value<boost::function<void ()> >, boost::_bi::value<unsigned int>, boost::_bi::value<qi::Promise<void> >, boost::_bi::value<boost::system::error_code> > >&, ...)+0x6a
C  [libqi.dylib+0x5a326]  boost::asio::detail::completion_handler<boost::_bi::bind_t<void, boost::_mfi::mf4<void, qi::EventLoopAsio, boost::function<void ()>, unsigned int, qi::Promise<void>, boost::system::error_code const&>, boost::_bi::list5<boost::_bi::value<qi::EventLoopAsio*>, boost::_bi::value<boost::function<void ()> >, boost::_bi::value<unsigned int>, boost::_bi::value<qi::Promise<void> >, boost::_bi::value<boost::system::error_code> > > >::do_complete(boost::asio::detail::task_io_service*, boost::asio::detail::task_io_service_operation*, boost::system::error_code const&, unsigned long)+0x166
C  [libqi.dylib+0x1a1ce]  boost::asio::detail::task_io_service::do_run_one(boost::asio::detail::scoped_lock<boost::asio::detail::posix_mutex>&, boost::asio::detail::task_io_service_thread_info&, boost::system::error_code const&)+0x31e
C  [libqi.dylib+0x19ca8]  boost::asio::detail::task_io_service::run(boost::system::error_code&)+0x238
C  [libqi.dylib+0x4e7d1]  qi::EventLoopAsio::_runPool()+0x91
C  [libqi.dylib+0x5ce61]  void* std::__1::__thread_proxy<std::__1::tuple<void (qi::EventLoopAsio::*)(), qi::EventLoopAsio*> >(void*)+0x71
C  [libsystem_pthread.dylib+0x36c1]  _pthread_body+0x154
C  [libsystem_pthread.dylib+0x356d]  _pthread_body+0x0
C  [libsystem_pthread.dylib+0x2c5d]  thread_start+0xd
C  0x0000000000000000


---------------  P R O C E S S  ---------------

Java Threads: ( => current thread )
=>0x00007fad8903c800 JavaThread "qimessaging-thread" [_thread_in_vm, id=22787, stack(0x000070000b709000,0x000070000b789000)]
  0x00007fad88029800 JavaThread "Service Thread" daemon [_thread_blocked, id=20995, stack(0x000070000b37a000,0x000070000b47a000)]
  0x00007fad88838000 JavaThread "C1 CompilerThread3" daemon [_thread_blocked, id=20483, stack(0x000070000b277000,0x000070000b377000)]
  0x00007fad88851800 JavaThread "C2 CompilerThread2" daemon [_thread_blocked, id=19971, stack(0x000070000b174000,0x000070000b274000)]
  0x00007fad8901a800 JavaThread "C2 CompilerThread1" daemon [_thread_blocked, id=19459, stack(0x000070000b071000,0x000070000b171000)]
  0x00007fad8980b800 JavaThread "C2 CompilerThread0" daemon [_thread_blocked, id=18947, stack(0x000070000af6e000,0x000070000b06e000)]
  0x00007fad8b80a000 JavaThread "Signal Dispatcher" daemon [_thread_blocked, id=18443, stack(0x000070000ae6b000,0x000070000af6b000)]
  0x00007fad8c000000 JavaThread "Finalizer" daemon [_thread_blocked, id=15107, stack(0x000070000ad68000,0x000070000ae68000)]
  0x00007fad88835800 JavaThread "Reference Handler" daemon [_thread_blocked, id=14595, stack(0x000070000ac65000,0x000070000ad65000)]
  0x00007fad89003000 JavaThread "main" [_thread_in_native, id=6915, stack(0x000070000a247000,0x000070000a347000)]

Other Threads:
  0x00007fad8980a000 VMThread [stack: 0x000070000ab62000,0x000070000ac62000] [id=14083]
  0x00007fad88843800 WatcherThread [stack: 0x000070000b47d000,0x000070000b57d000] [id=21507]

VM state:not at safepoint (normal execution)

VM Mutex/Monitor currently owned by a thread: None

Heap:
 PSYoungGen      total 76288K, used 9176K [0x000000076ab00000, 0x0000000770000000, 0x00000007c0000000)
  eden space 65536K, 14% used [0x000000076ab00000,0x000000076b3f6140,0x000000076eb00000)
  from space 10752K, 0% used [0x000000076f580000,0x000000076f580000,0x0000000770000000)
  to   space 10752K, 0% used [0x000000076eb00000,0x000000076eb00000,0x000000076f580000)
 ParOldGen       total 175104K, used 0K [0x00000006c0000000, 0x00000006cab00000, 0x000000076ab00000)
  object space 175104K, 0% used [0x00000006c0000000,0x00000006c0000000,0x00000006cab00000)
 Metaspace       used 4615K, capacity 5096K, committed 5248K, reserved 1056768K
  class space    used 502K, capacity 532K, committed 640K, reserved 1048576K

Card table byte_map: [0x000000011c11b000,0x000000011c91c000] byte_map_base: 0x0000000118b1b000

Marking Bits: (ParMarkBitMap*) 0x000000010c2f0d30
 Begin Bits: [0x000000011ce72000, 0x0000000120e72000)
 End Bits:   [0x0000000120e72000, 0x0000000124e72000)

Polling page: 0x000000010a8be000

CodeCache: size=245760Kb used=1413Kb max_used=1413Kb free=244346Kb
 bounds [0x000000010d11b000, 0x000000010d38b000, 0x000000011c11b000]
 total_blobs=452 nmethods=167 adapters=199
 compilation: enabled

Compilation events (10 events):
Event: 0.860 Thread 0x00007fad88838000  163       3       java.lang.String::toString (2 bytes)
Event: 0.860 Thread 0x00007fad88838000 nmethod 163 0x000000010d278f90 code [0x000000010d2790e0, 0x000000010d279230]
Event: 44.154 Thread 0x00007fad88838000  164       3       sun.misc.FDBigInteger::mult (64 bytes)
Event: 44.154 Thread 0x00007fad88838000 nmethod 164 0x000000010d27b850 code [0x000000010d27b9c0, 0x000000010d27bc50]
Event: 44.154 Thread 0x00007fad88838000  165       3       sun.misc.FDBigInteger::<init> (30 bytes)
Event: 44.154 Thread 0x00007fad88838000 nmethod 165 0x000000010d27bf10 code [0x000000010d27c080, 0x000000010d27c288]
Event: 44.154 Thread 0x00007fad88838000  166       3       sun.misc.FDBigInteger::mult (44 bytes)
Event: 44.154 Thread 0x00007fad88838000 nmethod 166 0x000000010d27c390 code [0x000000010d27c520, 0x000000010d27c918]
Event: 45.137 Thread 0x00007fad88838000  167       3       java.io.BufferedOutputStream::flushBuffer (29 bytes)
Event: 45.137 Thread 0x00007fad88838000 nmethod 167 0x000000010d27ca90 code [0x000000010d27cc00, 0x000000010d27ce88]

GC Heap History (0 events):
No events

Deoptimization events (0 events):
No events

Internal exceptions (8 events):
Event: 0.030 Thread 0x00007fad89003000 Exception <a 'java/lang/NoSuchMethodError': Method sun.misc.Unsafe.defineClass(Ljava/lang/String;[BII)Ljava/lang/Class; name or signature does not match> (0x000000076ab07ca8) thrown at [/Users/java_re/workspace/8-2-build-macosx-x86_64/jdk8u121/8372/hotspo
Event: 0.030 Thread 0x00007fad89003000 Exception <a 'java/lang/NoSuchMethodError': Method sun.misc.Unsafe.prefetchRead(Ljava/lang/Object;J)V name or signature does not match> (0x000000076ab07f90) thrown at [/Users/java_re/workspace/8-2-build-macosx-x86_64/jdk8u121/8372/hotspot/src/share/vm/pri
Event: 0.104 Thread 0x00007fad89003000 Exception <a 'java/security/PrivilegedActionException'> (0x000000076abc03f8) thrown at [/Users/java_re/workspace/8-2-build-macosx-x86_64/jdk8u121/8372/hotspot/src/share/vm/prims/jvm.cpp, line 1390]
Event: 0.104 Thread 0x00007fad89003000 Exception <a 'java/security/PrivilegedActionException'> (0x000000076abc07f0) thrown at [/Users/java_re/workspace/8-2-build-macosx-x86_64/jdk8u121/8372/hotspot/src/share/vm/prims/jvm.cpp, line 1390]
Event: 0.105 Thread 0x00007fad89003000 Exception <a 'java/security/PrivilegedActionException'> (0x000000076abc3ef0) thrown at [/Users/java_re/workspace/8-2-build-macosx-x86_64/jdk8u121/8372/hotspot/src/share/vm/prims/jvm.cpp, line 1390]
Event: 0.105 Thread 0x00007fad89003000 Exception <a 'java/security/PrivilegedActionException'> (0x000000076abc42e8) thrown at [/Users/java_re/workspace/8-2-build-macosx-x86_64/jdk8u121/8372/hotspot/src/share/vm/prims/jvm.cpp, line 1390]
Event: 0.840 Thread 0x00007fad89003000 Exception <a 'java/lang/Exception': Cannot find service 'ALSpeechRecognition' in index> (0x000000076aea7a90) thrown at [/Users/java_re/workspace/8-2-build-macosx-x86_64/jdk8u121/8372/hotspot/src/share/vm/prims/jni.cpp, line 735]
Event: 50.369 Thread 0x00007fad8903c800 Exception <a 'java/lang/NullPointerException'> (0x000000076b2aedd8) thrown at [/Users/java_re/workspace/8-2-build-macosx-x86_64/jdk8u121/8372/hotspot/src/share/vm/interpreter/linkResolver.cpp, line 1178]

Events (10 events):
Event: 44.153 loading class sun/misc/FloatingDecimal$PreparedASCIIToBinaryBuffer
Event: 44.153 loading class sun/misc/FloatingDecimal$ASCIIToBinaryConverter
Event: 44.153 loading class sun/misc/FloatingDecimal$ASCIIToBinaryConverter done
Event: 44.153 loading class sun/misc/FloatingDecimal$PreparedASCIIToBinaryBuffer done
Event: 44.153 loading class sun/misc/FDBigInteger
Event: 44.153 loading class sun/misc/FDBigInteger done
Event: 44.170 Thread 0x00007fad89876800 Thread exited: 0x00007fad89876800
Event: 44.349 Thread 0x00007fad89876800 Thread added: 0x00007fad89876800
Event: 44.349 Thread 0x00007fad89876800 Thread exited: 0x00007fad89876800
Event: 45.137 Thread 0x00007fad8903c800 Thread added: 0x00007fad8903c800


Dynamic libraries:
0x0000000004d02000 	/System/Library/Frameworks/Cocoa.framework/Versions/A/Cocoa
0x0000000004d02000 	/System/Library/Frameworks/Security.framework/Versions/A/Security
0x0000000004d02000 	/System/Library/Frameworks/ApplicationServices.framework/Versions/A/ApplicationServices
0x0000000004d02000 	/usr/lib/libz.1.dylib
0x0000000004d02000 	/usr/lib/libSystem.B.dylib
0x0000000004d02000 	/usr/lib/libobjc.A.dylib
0x0000000004d02000 	/System/Library/Frameworks/CoreFoundation.framework/Versions/A/CoreFoundation
0x0000000004d02000 	/System/Library/Frameworks/Foundation.framework/Versions/C/Foundation
0x0000000004d02000 	/System/Library/Frameworks/AppKit.framework/Versions/C/AppKit
0x0000000004d02000 	/System/Library/Frameworks/CoreData.framework/Versions/A/CoreData
0x0000000004d02000 	/System/Library/PrivateFrameworks/RemoteViewServices.framework/Versions/A/RemoteViewServices
0x0000000004d02000 	/System/Library/PrivateFrameworks/UIFoundation.framework/Versions/A/UIFoundation
0x0000000004d02000 	/System/Library/PrivateFrameworks/DFRFoundation.framework/Versions/A/DFRFoundation
0x0000000004d02000 	/System/Library/Frameworks/Metal.framework/Versions/A/Metal
0x0000000004d02000 	/System/Library/PrivateFrameworks/DesktopServicesPriv.framework/Versions/A/DesktopServicesPriv
0x0000000004d02000 	/usr/lib/libenergytrace.dylib
0x0000000004d02000 	/System/Library/PrivateFrameworks/SkyLight.framework/Versions/A/SkyLight
0x0000000004d02000 	/System/Library/Frameworks/CoreGraphics.framework/Versions/A/CoreGraphics
0x0000000004d02000 	/usr/lib/libScreenReader.dylib
0x0000000004d02000 	/System/Library/Frameworks/Accelerate.framework/Versions/A/Accelerate
0x0000000004d02000 	/System/Library/Frameworks/IOSurface.framework/Versions/A/IOSurface
0x0000000004d02000 	/System/Library/Frameworks/AudioToolbox.framework/Versions/A/AudioToolbox
0x0000000004d02000 	/System/Library/Frameworks/AudioUnit.framework/Versions/A/AudioUnit
0x0000000004d02000 	/System/Library/PrivateFrameworks/DataDetectorsCore.framework/Versions/A/DataDetectorsCore
0x0000000004d02000 	/System/Library/Frameworks/Carbon.framework/Versions/A/Frameworks/HIToolbox.framework/Versions/A/HIToolbox
0x0000000004d02000 	/usr/lib/libicucore.A.dylib
0x0000000004d02000 	/System/Library/Frameworks/QuartzCore.framework/Versions/A/QuartzCore
0x0000000004d02000 	/System/Library/Frameworks/Carbon.framework/Versions/A/Frameworks/SpeechRecognition.framework/Versions/A/SpeechRecognition
0x0000000004d02000 	/usr/lib/libauto.dylib
0x0000000004d02000 	/usr/lib/libxml2.2.dylib
0x0000000004d02000 	/System/Library/PrivateFrameworks/CoreUI.framework/Versions/A/CoreUI
0x0000000004d02000 	/System/Library/Frameworks/CoreAudio.framework/Versions/A/CoreAudio
0x0000000004d02000 	/System/Library/Frameworks/DiskArbitration.framework/Versions/A/DiskArbitration
0x0000000004d02000 	/usr/lib/liblangid.dylib
0x0000000004d02000 	/System/Library/PrivateFrameworks/MultitouchSupport.framework/Versions/A/MultitouchSupport
0x0000000004d02000 	/System/Library/Frameworks/IOKit.framework/Versions/A/IOKit
0x0000000004d02000 	/usr/lib/libDiagnosticMessagesClient.dylib
0x0000000004d02000 	/System/Library/Frameworks/CoreServices.framework/Versions/A/CoreServices
0x0000000004d02000 	/System/Library/PrivateFrameworks/PerformanceAnalysis.framework/Versions/A/PerformanceAnalysis
0x0000000004d02000 	/System/Library/Frameworks/OpenGL.framework/Versions/A/OpenGL
0x0000000004d02000 	/System/Library/Frameworks/ColorSync.framework/Versions/A/ColorSync
0x0000000004d02000 	/System/Library/Frameworks/CoreImage.framework/Versions/A/CoreImage
0x0000000004d02000 	/System/Library/Frameworks/CoreText.framework/Versions/A/CoreText
0x0000000004d02000 	/System/Library/Frameworks/ImageIO.framework/Versions/A/ImageIO
0x0000000004d02000 	/System/Library/PrivateFrameworks/Backup.framework/Versions/A/Backup
0x0000000004d02000 	/usr/lib/libarchive.2.dylib
0x0000000004d02000 	/System/Library/Frameworks/CFNetwork.framework/Versions/A/CFNetwork
0x0000000004d02000 	/System/Library/Frameworks/SystemConfiguration.framework/Versions/A/SystemConfiguration
0x0000000004d02000 	/usr/lib/libCRFSuite.dylib
0x0000000004d02000 	/usr/lib/libc++.1.dylib
0x0000000004d02000 	/usr/lib/libc++abi.dylib
0x0000000004d02000 	/usr/lib/system/libcache.dylib
0x0000000004d02000 	/usr/lib/system/libcommonCrypto.dylib
0x0000000004d02000 	/usr/lib/system/libcompiler_rt.dylib
0x0000000004d02000 	/usr/lib/system/libcopyfile.dylib
0x0000000004d02000 	/usr/lib/system/libcorecrypto.dylib
0x0000000004d02000 	/usr/lib/system/libdispatch.dylib
0x0000000004d02000 	/usr/lib/system/libdyld.dylib
0x0000000004d02000 	/usr/lib/system/libkeymgr.dylib
0x0000000004d02000 	/usr/lib/system/liblaunch.dylib
0x0000000004d02000 	/usr/lib/system/libmacho.dylib
0x0000000004d02000 	/usr/lib/system/libquarantine.dylib
0x0000000004d02000 	/usr/lib/system/libremovefile.dylib
0x0000000004d02000 	/usr/lib/system/libsystem_asl.dylib
0x0000000004d02000 	/usr/lib/system/libsystem_blocks.dylib
0x0000000004d02000 	/usr/lib/system/libsystem_c.dylib
0x0000000004d02000 	/usr/lib/system/libsystem_configuration.dylib
0x0000000004d02000 	/usr/lib/system/libsystem_coreservices.dylib
0x0000000004d02000 	/usr/lib/system/libsystem_darwin.dylib
0x0000000004d02000 	/usr/lib/system/libsystem_dnssd.dylib
0x0000000004d02000 	/usr/lib/system/libsystem_info.dylib
0x0000000004d02000 	/usr/lib/system/libsystem_m.dylib
0x0000000004d02000 	/usr/lib/system/libsystem_malloc.dylib
0x0000000004d02000 	/usr/lib/system/libsystem_network.dylib
0x0000000004d02000 	/usr/lib/system/libsystem_networkextension.dylib
0x0000000004d02000 	/usr/lib/system/libsystem_notify.dylib
0x0000000004d02000 	/usr/lib/system/libsystem_sandbox.dylib
0x0000000004d02000 	/usr/lib/system/libsystem_secinit.dylib
0x0000000004d02000 	/usr/lib/system/libsystem_kernel.dylib
0x0000000004d02000 	/usr/lib/system/libsystem_platform.dylib
0x0000000004d02000 	/usr/lib/system/libsystem_pthread.dylib
0x0000000004d02000 	/usr/lib/system/libsystem_symptoms.dylib
0x0000000004d02000 	/usr/lib/system/libsystem_trace.dylib
0x0000000004d02000 	/usr/lib/system/libunwind.dylib
0x0000000004d02000 	/usr/lib/system/libxpc.dylib
0x0000000004d02000 	/usr/lib/closure/libclosured.dylib
0x0000000004d02000 	/usr/lib/libbsm.0.dylib
0x0000000004d02000 	/usr/lib/system/libkxld.dylib
0x0000000004d02000 	/usr/lib/libOpenScriptingUtil.dylib
0x0000000004d02000 	/usr/lib/libcoretls.dylib
0x0000000004d02000 	/usr/lib/libcoretls_cfhelpers.dylib
0x0000000004d02000 	/usr/lib/libpam.2.dylib
0x0000000004d02000 	/usr/lib/libsqlite3.dylib
0x0000000004d02000 	/usr/lib/libxar.1.dylib
0x0000000004d02000 	/usr/lib/libbz2.1.0.dylib
0x0000000004d02000 	/usr/lib/liblzma.5.dylib
0x0000000004d02000 	/usr/lib/libnetwork.dylib
0x0000000004d02000 	/usr/lib/libapple_nghttp2.dylib
0x0000000004d02000 	/usr/lib/libpcap.A.dylib
0x0000000004d02000 	/usr/lib/libboringssl.dylib
0x0000000004d02000 	/usr/lib/libusrtcp.dylib
0x0000000004d02000 	/usr/lib/libapple_crypto.dylib
0x0000000004d02000 	/System/Library/Frameworks/CoreServices.framework/Versions/A/Frameworks/FSEvents.framework/Versions/A/FSEvents
0x0000000004d02000 	/System/Library/Frameworks/CoreServices.framework/Versions/A/Frameworks/CarbonCore.framework/Versions/A/CarbonCore
0x0000000004d02000 	/System/Library/Frameworks/CoreServices.framework/Versions/A/Frameworks/Metadata.framework/Versions/A/Metadata
0x0000000004d02000 	/System/Library/Frameworks/CoreServices.framework/Versions/A/Frameworks/OSServices.framework/Versions/A/OSServices
0x0000000004d02000 	/System/Library/Frameworks/CoreServices.framework/Versions/A/Frameworks/SearchKit.framework/Versions/A/SearchKit
0x0000000004d02000 	/System/Library/Frameworks/CoreServices.framework/Versions/A/Frameworks/AE.framework/Versions/A/AE
0x0000000004d02000 	/System/Library/Frameworks/CoreServices.framework/Versions/A/Frameworks/LaunchServices.framework/Versions/A/LaunchServices
0x0000000004d02000 	/System/Library/Frameworks/CoreServices.framework/Versions/A/Frameworks/DictionaryServices.framework/Versions/A/DictionaryServices
0x0000000004d02000 	/System/Library/Frameworks/CoreServices.framework/Versions/A/Frameworks/SharedFileList.framework/Versions/A/SharedFileList
0x0000000004d02000 	/System/Library/Frameworks/NetFS.framework/Versions/A/NetFS
0x0000000004d02000 	/System/Library/PrivateFrameworks/NetAuth.framework/Versions/A/NetAuth
0x0000000004d02000 	/System/Library/PrivateFrameworks/login.framework/Versions/A/Frameworks/loginsupport.framework/Versions/A/loginsupport
0x0000000004d02000 	/System/Library/PrivateFrameworks/TCC.framework/Versions/A/TCC
0x0000000004d02000 	/usr/lib/libmecabra.dylib
0x0000000004d02000 	/System/Library/Frameworks/ApplicationServices.framework/Versions/A/Frameworks/ATS.framework/Versions/A/ATS
0x0000000004d02000 	/System/Library/Frameworks/ApplicationServices.framework/Versions/A/Frameworks/ColorSyncLegacy.framework/Versions/A/ColorSyncLegacy
0x0000000004d02000 	/System/Library/Frameworks/ApplicationServices.framework/Versions/A/Frameworks/HIServices.framework/Versions/A/HIServices
0x0000000004d02000 	/System/Library/Frameworks/ApplicationServices.framework/Versions/A/Frameworks/LangAnalysis.framework/Versions/A/LangAnalysis
0x0000000004d02000 	/System/Library/Frameworks/ApplicationServices.framework/Versions/A/Frameworks/PrintCore.framework/Versions/A/PrintCore
0x0000000004d02000 	/System/Library/Frameworks/ApplicationServices.framework/Versions/A/Frameworks/QD.framework/Versions/A/QD
0x0000000004d02000 	/System/Library/Frameworks/ApplicationServices.framework/Versions/A/Frameworks/SpeechSynthesis.framework/Versions/A/SpeechSynthesis
0x0000000004d02000 	/System/Library/Frameworks/CoreDisplay.framework/Versions/A/CoreDisplay
0x0000000004d02000 	/System/Library/Frameworks/Accelerate.framework/Versions/A/Frameworks/vImage.framework/Versions/A/vImage
0x0000000004d02000 	/System/Library/Frameworks/Accelerate.framework/Versions/A/Frameworks/vecLib.framework/Versions/A/vecLib
0x0000000004d02000 	/System/Library/Frameworks/Accelerate.framework/Versions/A/Frameworks/vecLib.framework/Versions/A/libvDSP.dylib
0x0000000004d02000 	/System/Library/Frameworks/Accelerate.framework/Versions/A/Frameworks/vecLib.framework/Versions/A/libBNNS.dylib
0x0000000004d02000 	/System/Library/Frameworks/Accelerate.framework/Versions/A/Frameworks/vecLib.framework/Versions/A/libQuadrature.dylib
0x0000000004d02000 	/System/Library/Frameworks/Accelerate.framework/Versions/A/Frameworks/vecLib.framework/Versions/A/libvMisc.dylib
0x0000000004d02000 	/System/Library/Frameworks/Accelerate.framework/Versions/A/Frameworks/vecLib.framework/Versions/A/libLAPACK.dylib
0x0000000004d02000 	/System/Library/Frameworks/Accelerate.framework/Versions/A/Frameworks/vecLib.framework/Versions/A/libBLAS.dylib
0x0000000004d02000 	/System/Library/Frameworks/Accelerate.framework/Versions/A/Frameworks/vecLib.framework/Versions/A/libLinearAlgebra.dylib
0x0000000004d02000 	/System/Library/Frameworks/Accelerate.framework/Versions/A/Frameworks/vecLib.framework/Versions/A/libSparse.dylib
0x0000000004d02000 	/System/Library/Frameworks/Accelerate.framework/Versions/A/Frameworks/vecLib.framework/Versions/A/libSparseBLAS.dylib
0x0000000004d02000 	/System/Library/PrivateFrameworks/IOAccelerator.framework/Versions/A/IOAccelerator
0x0000000004d02000 	/System/Library/PrivateFrameworks/IOPresentment.framework/Versions/A/IOPresentment
0x0000000004d02000 	/System/Library/PrivateFrameworks/DSExternalDisplay.framework/Versions/A/DSExternalDisplay
0x0000000004d02000 	/System/Library/Frameworks/OpenGL.framework/Versions/A/Libraries/libCoreFSCache.dylib
0x0000000004d02000 	/System/Library/Frameworks/CoreVideo.framework/Versions/A/CoreVideo
0x0000000004d02000 	/System/Library/PrivateFrameworks/GraphVisualizer.framework/Versions/A/GraphVisualizer
0x0000000004d02000 	/System/Library/Frameworks/MetalPerformanceShaders.framework/Versions/A/MetalPerformanceShaders
0x0000000004d02000 	/usr/lib/libFosl_dynamic.dylib
0x0000000004d02000 	/System/Library/PrivateFrameworks/FaceCore.framework/Versions/A/FaceCore
0x0000000004d02000 	/System/Library/Frameworks/OpenCL.framework/Versions/A/OpenCL
0x0000000004d02000 	/usr/lib/libcompression.dylib
0x0000000004d02000 	/System/Library/Frameworks/ApplicationServices.framework/Versions/A/Frameworks/ATS.framework/Versions/A/Resources/libFontParser.dylib
0x0000000004d02000 	/System/Library/Frameworks/ApplicationServices.framework/Versions/A/Frameworks/ATS.framework/Versions/A/Resources/libFontRegistry.dylib
0x0000000004d02000 	/System/Library/Frameworks/ImageIO.framework/Versions/A/Resources/libJPEG.dylib
0x0000000004d02000 	/System/Library/Frameworks/ImageIO.framework/Versions/A/Resources/libTIFF.dylib
0x0000000004d02000 	/System/Library/Frameworks/ImageIO.framework/Versions/A/Resources/libPng.dylib
0x0000000004d02000 	/System/Library/Frameworks/ImageIO.framework/Versions/A/Resources/libGIF.dylib
0x0000000004d02000 	/System/Library/Frameworks/ImageIO.framework/Versions/A/Resources/libJP2.dylib
0x0000000004d02000 	/System/Library/Frameworks/ImageIO.framework/Versions/A/Resources/libRadiance.dylib
0x0000000004d02000 	/System/Library/PrivateFrameworks/AppleJPEG.framework/Versions/A/AppleJPEG
0x0000000004d02000 	/System/Library/PrivateFrameworks/MetalTools.framework/Versions/A/MetalTools
0x0000000004d02000 	/System/Library/Frameworks/MetalPerformanceShaders.framework/Frameworks/MPSCore.framework/Versions/A/MPSCore
0x0000000004d02000 	/System/Library/Frameworks/MetalPerformanceShaders.framework/Frameworks/MPSImage.framework/Versions/A/MPSImage
0x0000000004d02000 	/System/Library/Frameworks/MetalPerformanceShaders.framework/Frameworks/MPSMatrix.framework/Versions/A/MPSMatrix
0x0000000004d02000 	/System/Library/Frameworks/MetalPerformanceShaders.framework/Frameworks/MPSNeuralNetwork.framework/Versions/A/MPSNeuralNetwork
0x0000000004d02000 	/System/Library/Frameworks/OpenGL.framework/Versions/A/Libraries/libGLU.dylib
0x0000000004d02000 	/System/Library/Frameworks/OpenGL.framework/Versions/A/Libraries/libGFXShared.dylib
0x0000000004d02000 	/System/Library/Frameworks/OpenGL.framework/Versions/A/Libraries/libGL.dylib
0x0000000004d02000 	/System/Library/Frameworks/OpenGL.framework/Versions/A/Libraries/libGLImage.dylib
0x0000000004d02000 	/System/Library/Frameworks/OpenGL.framework/Versions/A/Libraries/libCVMSPluginSupport.dylib
0x0000000004d02000 	/System/Library/Frameworks/OpenGL.framework/Versions/A/Libraries/libCoreVMClient.dylib
0x0000000004d02000 	/usr/lib/libcups.2.dylib
0x0000000004d02000 	/System/Library/Frameworks/Kerberos.framework/Versions/A/Kerberos
0x0000000004d02000 	/System/Library/Frameworks/GSS.framework/Versions/A/GSS
0x0000000004d02000 	/usr/lib/libresolv.9.dylib
0x0000000004d02000 	/usr/lib/libiconv.2.dylib
0x0000000004d02000 	/System/Library/PrivateFrameworks/Heimdal.framework/Versions/A/Heimdal
0x0000000004d02000 	/usr/lib/libheimdal-asn1.dylib
0x0000000004d02000 	/System/Library/Frameworks/OpenDirectory.framework/Versions/A/OpenDirectory
0x0000000004d02000 	/System/Library/PrivateFrameworks/CommonAuth.framework/Versions/A/CommonAuth
0x0000000004d02000 	/System/Library/Frameworks/OpenDirectory.framework/Versions/A/Frameworks/CFOpenDirectory.framework/Versions/A/CFOpenDirectory
0x0000000004d02000 	/System/Library/Frameworks/SecurityFoundation.framework/Versions/A/SecurityFoundation
0x0000000004d02000 	/System/Library/PrivateFrameworks/APFS.framework/Versions/A/APFS
0x0000000004d02000 	/usr/lib/libutil.dylib
0x0000000004d02000 	/System/Library/PrivateFrameworks/AppleSauce.framework/Versions/A/AppleSauce
0x0000000004d02000 	/System/Library/PrivateFrameworks/LinguisticData.framework/Versions/A/LinguisticData
0x0000000004d02000 	/usr/lib/libmarisa.dylib
0x0000000004d02000 	/System/Library/PrivateFrameworks/Lexicon.framework/Versions/A/Lexicon
0x0000000004d02000 	/usr/lib/libChineseTokenizer.dylib
0x0000000004d02000 	/usr/lib/libcmph.dylib
0x0000000004d02000 	/System/Library/PrivateFrameworks/LanguageModeling.framework/Versions/A/LanguageModeling
0x0000000004d02000 	/System/Library/PrivateFrameworks/CoreEmoji.framework/Versions/A/CoreEmoji
0x0000000004d02000 	/System/Library/Frameworks/ServiceManagement.framework/Versions/A/ServiceManagement
0x0000000004d02000 	/System/Library/PrivateFrameworks/BackgroundTaskManagement.framework/Versions/A/BackgroundTaskManagement
0x0000000004d02000 	/usr/lib/libxslt.1.dylib
0x0000000004d02000 	/System/Library/Frameworks/Carbon.framework/Versions/A/Frameworks/Ink.framework/Versions/A/Ink
0x0000000004d02000 	/System/Library/PrivateFrameworks/TextureIO.framework/Versions/A/TextureIO
0x0000000004d02000 	/usr/lib/libate.dylib
0x0000000004d02000 	/System/Library/PrivateFrameworks/CrashReporterSupport.framework/Versions/A/CrashReporterSupport
0x0000000004d02000 	/System/Library/PrivateFrameworks/Sharing.framework/Versions/A/Sharing
0x0000000004d02000 	/System/Library/PrivateFrameworks/IconServices.framework/Versions/A/IconServices
0x0000000004d02000 	/System/Library/PrivateFrameworks/ProtocolBuffer.framework/Versions/A/ProtocolBuffer
0x0000000004d02000 	/System/Library/PrivateFrameworks/Apple80211.framework/Versions/A/Apple80211
0x0000000004d02000 	/System/Library/Frameworks/CoreWLAN.framework/Versions/A/CoreWLAN
0x0000000004d02000 	/System/Library/PrivateFrameworks/CoreUtils.framework/Versions/A/CoreUtils
0x0000000004d02000 	/System/Library/Frameworks/IOBluetooth.framework/Versions/A/IOBluetooth
0x0000000004d02000 	/System/Library/PrivateFrameworks/CoreWiFi.framework/Versions/A/CoreWiFi
0x0000000004d02000 	/System/Library/Frameworks/CoreBluetooth.framework/Versions/A/CoreBluetooth
0x0000000004d02000 	/System/Library/PrivateFrameworks/SignpostNotification.framework/Versions/A/SignpostNotification
0x0000000004d02000 	/System/Library/PrivateFrameworks/DebugSymbols.framework/Versions/A/DebugSymbols
0x0000000004d02000 	/System/Library/PrivateFrameworks/CoreSymbolication.framework/Versions/A/CoreSymbolication
0x0000000004d02000 	/System/Library/PrivateFrameworks/Symbolication.framework/Versions/A/Symbolication
0x0000000004d02000 	/System/Library/PrivateFrameworks/AppleFSCompression.framework/Versions/A/AppleFSCompression
0x0000000004d02000 	/System/Library/PrivateFrameworks/SpeechRecognitionCore.framework/Versions/A/SpeechRecognitionCore
0x000000010ba00000 	/Library/Java/JavaVirtualMachines/jdk1.8.0_121.jdk/Contents/Home/jre/lib/server/libjvm.dylib
0x0000000004d02000 	/usr/lib/libstdc++.6.0.9.dylib
0x000000010a87b000 	/Library/Java/JavaVirtualMachines/jdk1.8.0_121.jdk/Contents/Home/jre/lib/libverify.dylib
0x000000010a889000 	/Library/Java/JavaVirtualMachines/jdk1.8.0_121.jdk/Contents/Home/jre/lib/libjava.dylib
0x000000010a908000 	/Library/Java/JavaVirtualMachines/jdk1.8.0_121.jdk/Contents/Home/jre/lib/libzip.dylib
0x0000000004d02000 	/System/Library/Frameworks/JavaVM.framework/Versions/A/Frameworks/JavaRuntimeSupport.framework/Versions/A/JavaRuntimeSupport
0x0000000004d02000 	/System/Library/Frameworks/JavaVM.framework/Versions/A/Frameworks/JavaNativeFoundation.framework/Versions/A/JavaNativeFoundation
0x0000000004d02000 	/System/Library/Frameworks/JavaVM.framework/Versions/A/JavaVM
0x0000000004d02000 	/System/Library/Frameworks/Carbon.framework/Versions/A/Carbon
0x0000000004d02000 	/System/Library/PrivateFrameworks/JavaLaunching.framework/Versions/A/JavaLaunching
0x0000000004d02000 	/System/Library/Frameworks/Carbon.framework/Versions/A/Frameworks/CommonPanels.framework/Versions/A/CommonPanels
0x0000000004d02000 	/System/Library/Frameworks/Carbon.framework/Versions/A/Frameworks/Help.framework/Versions/A/Help
0x0000000004d02000 	/System/Library/Frameworks/Carbon.framework/Versions/A/Frameworks/ImageCapture.framework/Versions/A/ImageCapture
0x0000000004d02000 	/System/Library/Frameworks/Carbon.framework/Versions/A/Frameworks/OpenScripting.framework/Versions/A/OpenScripting
0x0000000004d02000 	/System/Library/Frameworks/Carbon.framework/Versions/A/Frameworks/Print.framework/Versions/A/Print
0x0000000004d02000 	/System/Library/Frameworks/Carbon.framework/Versions/A/Frameworks/SecurityHI.framework/Versions/A/SecurityHI
0x00000001293d2000 	/private/var/folders/zp/f6f4vkdd07vd7kczszjphm6r0000gn/T/libqi.dylib
0x0000000129d02000 	/private/var/folders/zp/f6f4vkdd07vd7kczszjphm6r0000gn/T/libqimessagingjni.dylib

VM Arguments:
jvm_args: -Dfile.encoding=UTF-8 
java_command: de.lmoedl.Pepper
java_class_path (initial): /Users/lothar/Documents/Libs/java-naoqi-sdk-2.5.5.5-mac64.jar:/Users/lothar/Documents/Libs/sonoscontroller-1.0-SNAPSHOT.jar:/Users/lothar/Documents/Studium/Master/WS2017_18/Projekt/MOS-Projekt/Software/Pepper/build/classes
Launcher Type: SUN_STANDARD

Environment Variables:
PATH=/usr/bin:/bin:/usr/sbin:/sbin
LD_LIBRARY_PATH=/Library/Java/JavaVirtualMachines/jdk1.8.0_121.jdk/Contents/Home/jre/lib/amd64:/Library/Java/JavaVirtualMachines/jdk1.8.0_121.jdk/Contents/Home/jre/lib/i386:
SHELL=/bin/bash

Signal Handlers:
SIGSEGV: [libjvm.dylib+0x5b1141], sa_mask[0]=11111111011111110111111111111111, sa_flags=SA_ONSTACK|SA_RESTART|SA_SIGINFO
SIGBUS: [libjvm.dylib+0x5b1141], sa_mask[0]=11111111011111110111111111111111, sa_flags=SA_RESTART|SA_SIGINFO
SIGFPE: [libjvm.dylib+0x487bc4], sa_mask[0]=11111111011111110111111111111111, sa_flags=SA_RESTART|SA_SIGINFO
SIGPIPE: [libjvm.dylib+0x487bc4], sa_mask[0]=11111111011111110111111111111111, sa_flags=SA_RESTART|SA_SIGINFO
SIGXFSZ: [libjvm.dylib+0x487bc4], sa_mask[0]=11111111011111110111111111111111, sa_flags=SA_RESTART|SA_SIGINFO
SIGILL: [libjvm.dylib+0x487bc4], sa_mask[0]=11111111011111110111111111111111, sa_flags=SA_RESTART|SA_SIGINFO
SIGUSR1: SIG_DFL, sa_mask[0]=00000000000000000000000000000000, sa_flags=none
SIGUSR2: [libjvm.dylib+0x4876e2], sa_mask[0]=00100000000000000000000000000000, sa_flags=SA_RESTART|SA_SIGINFO
SIGHUP: [libjvm.dylib+0x485cb9], sa_mask[0]=11111111011111110111111111111111, sa_flags=SA_RESTART|SA_SIGINFO
SIGINT: [libqi.dylib+0x14a80], sa_mask[0]=11111111011111110111111111111111, sa_flags=none
SIGTERM: [libqi.dylib+0x14a80], sa_mask[0]=11111111011111110111111111111111, sa_flags=none
SIGQUIT: [libjvm.dylib+0x485cb9], sa_mask[0]=11111111011111110111111111111111, sa_flags=SA_RESTART|SA_SIGINFO


---------------  S Y S T E M  ---------------

OS:Bsduname:Darwin 17.2.0 Darwin Kernel Version 17.2.0: Fri Sep 29 18:27:05 PDT 2017; root:xnu-4570.20.62~3/RELEASE_X86_64 x86_64
rlimit: STACK 8192k, CORE 0k, NPROC 1418, NOFILE 10240, AS infinity
load average:2.86 2.48 2.20

CPU:total 8 (4 cores per cpu, 2 threads per core) family 6 model 94 stepping 3, cmov, cx8, fxsr, mmx, sse, sse2, sse3, ssse3, sse4.1, sse4.2, popcnt, avx, avx2, aes, clmul, erms, rtm, 3dnowpref, lzcnt, ht, tsc, tscinvbit, bmi1, bmi2, adx

Memory: 4k page, physical 16777216k(297096k free)

/proc/meminfo:


vm_info: Java HotSpot(TM) 64-Bit Server VM (25.121-b13) for bsd-amd64 JRE (1.8.0_121-b13), built on Dec 12 2016 20:39:32 by "java_re" with gcc 4.2.1 (Based on Apple Inc. build 5658) (LLVM build 2336.11.00)

time: Thu Nov  2 15:47:19 2017
elapsed time: 50 seconds (0d 0h 0m 50s)

