Dez 19, 2017 3:56:27 PM de.lmoedl.BasicBehaviour log
SCHWERWIEGEND: movefailed: [Safety, 1, [0.9257461, 1.839658, 0.0]]
Dez 19, 2017 3:56:27 PM de.lmoedl.BasicBehaviour log
SCHWERWIEGEND: movefailed: [Internal stop, 0, java.lang.Void@238259ab]
Dez 19, 2017 3:56:27 PM de.lmoedl.BasicBehaviour log
SCHWERWIEGEND: movefailed: [Internal stop, 0, java.lang.Void@6c3a6d71]
Dez 19, 2017 3:56:29 PM de.lmoedl.BasicBehaviour log
SCHWERWIEGEND: movefailed: [Safety, 0, [1.025746, 1.839658, 0.0]]
Dez 19, 2017 3:56:29 PM de.lmoedl.BasicBehaviour log
SCHWERWIEGEND: movefailed: [Safety, 0, [1.025746, 1.839658, 0.0]]
Dez 19, 2017 3:56:30 PM de.lmoedl.BasicBehaviour log
SCHWERWIEGEND: movefailed: [Safety, 0, [1.025746, 1.839658, 0.0]]
Dez 19, 2017 3:56:30 PM de.lmoedl.BasicBehaviour log
SCHWERWIEGEND: movefailed: [Safety, 0, [0.97574604, 1.839658, 0.0]]
Dez 19, 2017 3:56:30 PM de.lmoedl.BasicBehaviour log
SCHWERWIEGEND: movefailed: [Safety, 0, [0.97574604, 1.839658, 0.0]]
Dez 19, 2017 3:56:31 PM de.lmoedl.BasicBehaviour log
SCHWERWIEGEND: movefailed: [Safety, 0, [0.9257461, 1.889658, 0.0]]
Dez 19, 2017 3:56:32 PM de.lmoedl.BasicBehaviour log
SCHWERWIEGEND: movefailed: [Safety, 0, [0.8257462, 1.889658, 0.0]]
Dez 19, 2017 3:57:32 PM de.lmoedl.BasicBehaviour log
SCHWERWIEGEND: movefailed: [Safety, 1, [-0.5709548, 0.6844671, 0.0]]
Dez 19, 2017 3:57:34 PM de.lmoedl.BasicBehaviour log
SCHWERWIEGEND: movefailed: [Safety, 0, [-0.6220076, 0.5898244, 0.0]]
Dez 19, 2017 3:57:34 PM de.lmoedl.BasicBehaviour log
SCHWERWIEGEND: movefailed: [Safety, 0, [-0.6220076, 0.5898244, 0.0]]
Dez 19, 2017 3:57:34 PM de.lmoedl.BasicBehaviour log
SCHWERWIEGEND: movefailed: [Safety, 0, [-0.6220076, 0.5898244, 0.0]]
Dez 19, 2017 3:57:35 PM de.lmoedl.BasicBehaviour log
SCHWERWIEGEND: movefailed: [Safety, 0, [-0.6220076, 0.5898244, 0.0]]
Dez 19, 2017 3:57:35 PM de.lmoedl.BasicBehaviour log
SCHWERWIEGEND: movefailed: [Safety, 0, [-0.6220076, 0.5898244, 0.0]]
Dez 19, 2017 3:57:41 PM de.lmoedl.BasicBehaviour log
SCHWERWIEGEND: movefailed: [Safety, 0, [-0.57200766, 0.7398243, 0.0]]
Dez 19, 2017 3:57:42 PM de.lmoedl.BasicBehaviour log
SCHWERWIEGEND: movefailed: [Safety, 1, [-0.6220076, 0.9898243, 0.0]]
Dez 19, 2017 3:57:44 PM de.lmoedl.BasicBehaviour log
SCHWERWIEGEND: movefailed: [Safety, 0, [-0.7220075, 0.78982425, 0.0]]
Dez 19, 2017 3:57:44 PM de.lmoedl.BasicBehaviour log
SCHWERWIEGEND: movefailed: [Safety, 0, [-0.7220075, 0.78982425, 0.0]]
Dez 19, 2017 3:57:45 PM de.lmoedl.BasicBehaviour log
SCHWERWIEGEND: movefailed: [Safety, 0, [-0.7220075, 0.78982425, 0.0]]
Dez 19, 2017 3:57:45 PM de.lmoedl.BasicBehaviour log
SCHWERWIEGEND: movefailed: [Safety, 0, [-0.7220075, 0.78982425, 0.0]]
Dez 19, 2017 3:57:46 PM de.lmoedl.BasicBehaviour log
SCHWERWIEGEND: movefailed: [Safety, 0, [-0.7220075, 0.78982425, 0.0]]
Dez 19, 2017 3:57:46 PM de.lmoedl.BasicBehaviour log
SCHWERWIEGEND: movefailed: [Safety, 0, [-0.67200756, 0.93982434, 0.0]]
Dez 19, 2017 3:57:46 PM de.lmoedl.BasicBehaviour log
SCHWERWIEGEND: movefailed: [Safety, 0, [-0.7220075, 0.78982425, 0.0]]
Dez 19, 2017 3:57:47 PM de.lmoedl.BasicBehaviour log
SCHWERWIEGEND: movefailed: [Safety, 0, [-0.7220075, 0.78982425, 0.0]]
Dez 19, 2017 3:57:47 PM de.lmoedl.BasicBehaviour log
SCHWERWIEGEND: movefailed: [Safety, 0, [-0.7220075, 0.78982425, 0.0]]
Dez 19, 2017 3:57:47 PM de.lmoedl.BasicBehaviour log
SCHWERWIEGEND: movefailed: [Safety, 0, [-0.7220075, 0.78982425, 0.0]]
Dez 19, 2017 3:57:47 PM de.lmoedl.BasicBehaviour log
SCHWERWIEGEND: movefailed: [Safety, 0, [-0.67200756, 0.93982434, 0.0]]
Dez 19, 2017 3:57:48 PM de.lmoedl.BasicBehaviour log
SCHWERWIEGEND: movefailed: [Safety, 0, [-0.67200756, 0.93982434, 0.0]]
Dez 19, 2017 3:57:48 PM de.lmoedl.BasicBehaviour log
SCHWERWIEGEND: movefailed: [Safety, 0, [-0.67200756, 1.0398242, 0.0]]
Dez 19, 2017 3:57:49 PM de.lmoedl.BasicBehaviour log
SCHWERWIEGEND: movefailed: [Safety, 0, [-0.6220076, 1.0398242, 0.0]]
Dez 19, 2017 3:57:49 PM de.lmoedl.BasicBehaviour log
SCHWERWIEGEND: movefailed: [Safety, 0, [-0.67200756, 0.93982434, 0.0]]
Dez 19, 2017 3:57:49 PM de.lmoedl.BasicBehaviour log
SCHWERWIEGEND: movefailed: [Safety, 0, [-0.67200756, 0.93982434, 0.0]]
Dez 19, 2017 3:57:49 PM de.lmoedl.BasicBehaviour log
SCHWERWIEGEND: movefailed: [Safety, 0, [-0.67200756, 1.0398242, 0.0]]
Dez 19, 2017 3:57:50 PM de.lmoedl.BasicBehaviour log
SCHWERWIEGEND: movefailed: [Safety, 0, [-0.67200756, 0.8898244, 0.0]]
Dez 19, 2017 3:57:51 PM de.lmoedl.BasicBehaviour log
SCHWERWIEGEND: movefailed: [Safety, 0, [-0.6220076, 1.0898244, 0.0]]
Dez 19, 2017 3:57:51 PM de.lmoedl.BasicBehaviour log
SCHWERWIEGEND: movefailed: [Safety, 0, [-0.6220076, 1.0898244, 0.0]]
Dez 19, 2017 3:57:51 PM de.lmoedl.BasicBehaviour log
SCHWERWIEGEND: movefailed: [Safety, 0, [-0.6220076, 1.0898244, 0.0]]
Dez 19, 2017 3:57:56 PM de.lmoedl.BasicBehaviour log
SCHWERWIEGEND: movefailed: [Safety, 1, [-0.67200756, 0.93982434, 0.0]]
Dez 19, 2017 3:57:57 PM de.lmoedl.BasicBehaviour log
SCHWERWIEGEND: movefailed: [Safety, 0, [-0.67200756, 0.9898243, 0.0]]
Dez 19, 2017 3:57:58 PM de.lmoedl.BasicBehaviour log
SCHWERWIEGEND: movefailed: [Safety, 0, [-0.7220075, 0.9898243, 0.0]]
Dez 19, 2017 3:57:58 PM de.lmoedl.BasicBehaviour log
SCHWERWIEGEND: movefailed: [Safety, 0, [-0.67200756, 0.9898243, 0.0]]
Dez 19, 2017 3:57:58 PM de.lmoedl.BasicBehaviour log
SCHWERWIEGEND: movefailed: [Safety, 0, [-0.67200756, 0.9898243, 0.0]]
Dez 19, 2017 3:57:59 PM de.lmoedl.BasicBehaviour log
SCHWERWIEGEND: movefailed: [Safety, 0, [-0.67200756, 0.9898243, 0.0]]
Dez 19, 2017 3:57:59 PM de.lmoedl.BasicBehaviour log
SCHWERWIEGEND: movefailed: [Safety, 0, [-0.67200756, 0.9898243, 0.0]]
Dez 19, 2017 3:58:00 PM de.lmoedl.BasicBehaviour log
SCHWERWIEGEND: movefailed: [Safety, 0, [-0.67200756, 0.9898243, 0.0]]
Dez 19, 2017 3:58:00 PM de.lmoedl.BasicBehaviour log
SCHWERWIEGEND: movefailed: [Safety, 0, [-0.67200756, 0.9898243, 0.0]]
Dez 19, 2017 3:58:00 PM de.lmoedl.BasicBehaviour log
SCHWERWIEGEND: movefailed: [Safety, 0, [-0.67200756, 0.9898243, 0.0]]
Dez 19, 2017 3:58:01 PM de.lmoedl.BasicBehaviour log
SCHWERWIEGEND: movefailed: [Safety, 0, [-0.67200756, 0.9898243, 0.0]]
Dez 19, 2017 3:58:01 PM de.lmoedl.BasicBehaviour log
SCHWERWIEGEND: movefailed: [Safety, 0, [-0.67200756, 0.9898243, 0.0]]
Dez 19, 2017 3:58:02 PM de.lmoedl.BasicBehaviour log
SCHWERWIEGEND: movefailed: [Safety, 0, [-0.77200747, 0.83982444, 0.0]]
Dez 19, 2017 3:58:02 PM de.lmoedl.BasicBehaviour log
SCHWERWIEGEND: movefailed: [Safety, 0, [-0.77200747, 0.83982444, 0.0]]
Dez 19, 2017 3:58:02 PM de.lmoedl.BasicBehaviour log
SCHWERWIEGEND: movefailed: [Safety, 0, [-0.67200756, 0.93982434, 0.0]]
Dez 19, 2017 3:58:03 PM de.lmoedl.BasicBehaviour log
SCHWERWIEGEND: movefailed: [Safety, 0, [-0.67200756, 0.93982434, 0.0]]
Dez 19, 2017 3:58:03 PM de.lmoedl.BasicBehaviour log
SCHWERWIEGEND: movefailed: [Safety, 0, [-0.67200756, 0.93982434, 0.0]]
Dez 19, 2017 3:58:03 PM de.lmoedl.BasicBehaviour log
SCHWERWIEGEND: movefailed: [Safety, 0, [-0.67200756, 0.93982434, 0.0]]
Dez 19, 2017 3:58:04 PM de.lmoedl.BasicBehaviour log
SCHWERWIEGEND: movefailed: [Safety, 0, [-0.67200756, 0.93982434, 0.0]]
Dez 19, 2017 3:58:04 PM de.lmoedl.BasicBehaviour log
SCHWERWIEGEND: movefailed: [Safety, 0, [-0.67200756, 0.93982434, 0.0]]
Dez 19, 2017 3:58:04 PM de.lmoedl.BasicBehaviour log
SCHWERWIEGEND: movefailed: [Safety, 0, [-0.67200756, 0.93982434, 0.0]]
Dez 19, 2017 3:58:04 PM de.lmoedl.BasicBehaviour log
SCHWERWIEGEND: movefailed: [Safety, 0, [-0.67200756, 0.93982434, 0.0]]
Dez 19, 2017 3:58:05 PM de.lmoedl.BasicBehaviour log
SCHWERWIEGEND: movefailed: [Safety, 0, [-0.67200756, 0.93982434, 0.0]]
Dez 19, 2017 3:58:05 PM de.lmoedl.BasicBehaviour log
SCHWERWIEGEND: movefailed: [Safety, 0, [-0.7220075, 0.8898244, 0.0]]
Dez 19, 2017 3:58:06 PM de.lmoedl.BasicBehaviour log
SCHWERWIEGEND: movefailed: [Safety, 0, [-0.7220075, 0.8898244, 0.0]]
Dez 19, 2017 3:58:06 PM de.lmoedl.BasicBehaviour log
SCHWERWIEGEND: movefailed: [Safety, 1, [-0.57200766, 0.6398244, 0.0]]
Dez 19, 2017 3:58:07 PM de.lmoedl.BasicBehaviour log
SCHWERWIEGEND: movefailed: [Safety, 0, [-0.57200766, 0.6398244, 0.0]]
Dez 19, 2017 3:58:07 PM de.lmoedl.BasicBehaviour log
SCHWERWIEGEND: movefailed: [Safety, 0, [-0.57200766, 0.6398244, 0.0]]
Dez 19, 2017 3:58:08 PM de.lmoedl.BasicBehaviour log
SCHWERWIEGEND: movefailed: [Safety, 0, [-0.52200747, 0.58982444, 0.0]]
Dez 19, 2017 3:58:08 PM de.lmoedl.BasicBehaviour log
SCHWERWIEGEND: movefailed: [Safety, 0, [-0.52200747, 0.58982444, 0.0]]
Dez 19, 2017 3:58:08 PM de.lmoedl.BasicBehaviour log
SCHWERWIEGEND: movefailed: [Safety, 0, [-0.52200747, 0.58982444, 0.0]]
Dez 19, 2017 3:58:09 PM de.lmoedl.BasicBehaviour log
SCHWERWIEGEND: movefailed: [Safety, 0, [-0.52200747, 0.58982444, 0.0]]
Dez 19, 2017 3:58:09 PM de.lmoedl.BasicBehaviour log
SCHWERWIEGEND: movefailed: [Safety, 0, [-0.52200747, 0.58982444, 0.0]]
Dez 19, 2017 3:58:09 PM de.lmoedl.BasicBehaviour log
SCHWERWIEGEND: movefailed: [Safety, 0, [-0.52200747, 0.58982444, 0.0]]
Dez 19, 2017 3:58:09 PM de.lmoedl.BasicBehaviour stateMachine
SCHWERWIEGEND: null
java.lang.RuntimeException: 	ALExtractor::received unsubscribe from non-subscribed module: 
	Pepper_Concierge
	at com.aldebaran.qi.Future.get(Future.java:96)
	at com.aldebaran.qi.helper.proxies.ALDialog.unsubscribe(ALDialog.java:202)
	at de.lmoedl.BasicBehaviour.stateMachine(BasicBehaviour.java:1037)
	at de.lmoedl.BasicBehaviour.onTouchEnd(BasicBehaviour.java:1093)

Dez 19, 2017 3:58:12 PM de.lmoedl.BasicBehaviour log
SCHWERWIEGEND: movefailed: [Safety, 1, [0.027992517, 1.0398242, 0.0]]
Dez 19, 2017 3:58:12 PM de.lmoedl.BasicBehaviour log
SCHWERWIEGEND: movefailed: [Safety, 0, [-0.32200766, 0.93982434, 0.0]]
Dez 19, 2017 3:58:13 PM de.lmoedl.BasicBehaviour log
SCHWERWIEGEND: movefailed: [Internal stop, 0, java.lang.Void@596d346]
Dez 19, 2017 3:58:17 PM de.lmoedl.BasicBehaviour log
SCHWERWIEGEND: movefailed: [Safety, 0, [0.048770636, 1.0476713, 0.0]]
Dez 19, 2017 3:58:23 PM de.lmoedl.BasicBehaviour log
SCHWERWIEGEND: movefailed: [Safety, 0, [0.048770666, 1.0476713, 0.0]]
Dez 19, 2017 3:58:31 PM de.lmoedl.BasicBehaviour stateMachine
SCHWERWIEGEND: null
java.lang.RuntimeException: 	ALExtractor::received unsubscribe from non-subscribed module: 
	Pepper_Concierge
	at com.aldebaran.qi.Future.get(Future.java:96)
	at com.aldebaran.qi.helper.proxies.ALDialog.unsubscribe(ALDialog.java:202)
	at de.lmoedl.BasicBehaviour.stateMachine(BasicBehaviour.java:1037)
	at de.lmoedl.BasicBehaviour.onTouchEnd(BasicBehaviour.java:1093)

Dez 19, 2017 3:58:31 PM de.lmoedl.BasicBehaviour log
SCHWERWIEGEND: movefailed: [Safety, 1, [0.26855206, 1.2385828, 0.0]]
Dez 19, 2017 3:58:33 PM de.lmoedl.BasicBehaviour stateMachine
SCHWERWIEGEND: null
java.lang.RuntimeException: 	ALExtractor::received unsubscribe from non-subscribed module: 
	Pepper_Concierge
	at com.aldebaran.qi.Future.get(Future.java:96)
	at com.aldebaran.qi.helper.proxies.ALDialog.unsubscribe(ALDialog.java:202)
	at de.lmoedl.BasicBehaviour.stateMachine(BasicBehaviour.java:1037)
	at de.lmoedl.BasicBehaviour.onTouchEnd(BasicBehaviour.java:1093)

Dez 19, 2017 3:58:36 PM de.lmoedl.BasicBehaviour log
SCHWERWIEGEND: movefailed: [Safety, 0, [0.46855187, 1.2885828, 0.0]]
Dez 19, 2017 3:58:36 PM de.lmoedl.BasicBehaviour log
SCHWERWIEGEND: movefailed: [Safety, 1, [0.31855202, 1.2885828, 0.0]]
Dez 19, 2017 3:59:39 PM de.lmoedl.BasicBehaviour log
INFORMATION: onSubscribeMQTTTopic_NAInnenraumsensorBad_Temperature 21.10
Dez 19, 2017 3:59:39 PM de.lmoedl.BasicBehaviour log
INFORMATION: onSubscribeMQTTTopic_NAInnenraumsensorBad_CO2 1631.00
