Dez 05, 2017 5:34:57 PM de.lmoedl.BasicBehaviour resumeTvRoom
INFORMATION: resumeTvRoom
Dez 05, 2017 5:35:06 PM de.lmoedl.BasicBehaviour resumeTvRoom
INFORMATION: resumeTvRoom"navigateTo", 2f, 0f, 0f_true
Dez 05, 2017 5:35:18 PM de.lmoedl.BasicBehaviour resumeTvRoom
INFORMATION: resumeTvRoom_if(success)_"moveTo", 2.5f, 0f, 0f_true
Dez 05, 2017 5:35:40 PM de.lmoedl.BasicBehaviour resumeTvRoom
INFORMATION: resumeTvRoom_"navigateTo", 2f, 0f, 0f_true
Dez 05, 2017 5:35:45 PM de.lmoedl.BasicBehaviour workingRoom
INFORMATION: Workingroom
Dez 05, 2017 5:35:54 PM de.lmoedl.BasicBehaviour workingRoom
INFORMATION: workingRoom_"moveTo", 2.7f, 0f, 0f_true
Dez 05, 2017 5:35:58 PM de.lmoedl.BasicBehaviour workingRoom
INFORMATION: workingRoom_"navigateTo", 2.2f, 0f, 0f_false
Dez 05, 2017 5:35:58 PM de.lmoedl.BasicBehaviour checkDestination
INFORMATION: corrigationVector: 2.2 0.0 0.0
Dez 05, 2017 5:36:01 PM de.lmoedl.BasicBehaviour checkDestination
INFORMATION: corrigationVector: 2.2 0.0 0.0
Dez 05, 2017 5:36:20 PM de.lmoedl.BasicBehaviour bathRoom
INFORMATION: Bathroom
Dez 05, 2017 5:36:25 PM de.lmoedl.BasicBehaviour bathRoom
INFORMATION: bathroom_"moveTo", 1f, 0f, 0f_true
Dez 05, 2017 5:36:45 PM de.lmoedl.BasicBehaviour bathRoom
INFORMATION: bathroom_"navigateTo", 3f, 0f, 0f_true
Dez 05, 2017 5:37:02 PM de.lmoedl.BasicBehaviour bathRoom
INFORMATION: bathroom_"navigateTo", 2f, 0f, 0f_true
Dez 05, 2017 5:37:07 PM de.lmoedl.BasicBehaviour kitchen
INFORMATION: Kitchen
Dez 05, 2017 5:37:12 PM de.lmoedl.BasicBehaviour kitchen
INFORMATION: kitchen_"moveTo", 1f, 0f, 0f_true
Dez 05, 2017 5:37:19 PM de.lmoedl.BasicBehaviour$1 onEvent
SCHWERWIEGEND: movefailed: [Safety, 1, [8.679627, -2.7448695, 0.0]]
Dez 05, 2017 5:37:19 PM de.lmoedl.BasicBehaviour kitchen
INFORMATION: kitchen_"moveTo", 3f, 0f, 0f_false
Dez 05, 2017 5:37:19 PM de.lmoedl.BasicBehaviour checkDestination
INFORMATION: corrigationVector: 2.0861592 0.0 0.0
Dez 05, 2017 5:37:19 PM de.lmoedl.BasicBehaviour$1 onEvent
SCHWERWIEGEND: movefailed: [Internal stop, 0, java.lang.Void@2123d1d7]
Dez 05, 2017 5:37:23 PM de.lmoedl.BasicBehaviour checkDestination
INFORMATION: corrigationVector: 1.9735627 0.0 0.0
Dez 05, 2017 5:37:32 PM de.lmoedl.BasicBehaviour checkDestination
INFORMATION: corrigationVector: 1.8961902 0.0 0.0
Dez 05, 2017 5:37:56 PM de.lmoedl.BasicBehaviour goodby
INFORMATION: goodby
Dez 05, 2017 5:37:56 PM de.lmoedl.BasicBehaviour goodby
INFORMATION: goodby_isUrlLoaded: true
Dez 05, 2017 5:37:56 PM de.lmoedl.BasicBehaviour goodby
INFORMATION: goodby_isShowWebview: true
Dez 05, 2017 5:37:56 PM de.lmoedl.BasicBehaviour goodby
INFORMATION: ByeBye
