\BOOKMARK [0][-]{chapter.1}{Einf\374hrung}{}% 1
\BOOKMARK [1][-]{section.1.1}{Zielsetzung}{chapter.1}% 2
\BOOKMARK [1][-]{section.1.2}{Motivation}{chapter.1}% 3
\BOOKMARK [1][-]{section.1.3}{Ziele der Arbeit}{chapter.1}% 4
\BOOKMARK [0][-]{chapter.2}{Allgemeine Grundlagen}{}% 5
\BOOKMARK [1][-]{section.2.1}{Projektorganisation und Dokumentation}{chapter.2}% 6
\BOOKMARK [0][-]{chapter.3}{Funktionsmodell}{}% 7
\BOOKMARK [1][-]{section.3.1}{Begr\374\337ung der Personen}{chapter.3}% 8
\BOOKMARK [1][-]{section.3.2}{Roomtour}{chapter.3}% 9
\BOOKMARK [2][-]{subsection.3.2.1}{Empfangsbereich}{section.3.2}% 10
\BOOKMARK [2][-]{subsection.3.2.2}{Schlafzimmer}{section.3.2}% 11
\BOOKMARK [2][-]{subsection.3.2.3}{Wohnzimmer}{section.3.2}% 12
\BOOKMARK [2][-]{subsection.3.2.4}{K\374che}{section.3.2}% 13
\BOOKMARK [1][-]{section.3.3}{Lichtsteuerung}{chapter.3}% 14
\BOOKMARK [1][-]{section.3.4}{Fenstersteuerung}{chapter.3}% 15
\BOOKMARK [0][-]{chapter.4}{Datenmodell}{}% 16
\BOOKMARK [0][-]{chapter.5}{Funktionalit\344ten}{}% 17
\BOOKMARK [0][-]{chapter.6}{Klassendiagramme}{}% 18
\BOOKMARK [1][-]{section.6.1}{\334bersicht Klassendiagramm}{chapter.6}% 19
\BOOKMARK [1][-]{section.6.2}{\334bersicht der Methoden der Klassen}{chapter.6}% 20
\BOOKMARK [0][-]{chapter.7}{Framework}{}% 21
\BOOKMARK [0][-]{chapter.8}{Erf\374llung der Ziele}{}% 22
\BOOKMARK [0][-]{chapter.9}{Ausblick}{}% 23
